{"/home/vanio/local/sdk/nodejs/src/constants.ts": {"path":"/home/vanio/local/sdk/nodejs/src/constants.ts","all":false,"statementMap":{"2":{"start":{"line":3,"column":0},"end":{"line":3,"column":80}},"3":{"start":{"line":4,"column":0},"end":{"line":4,"column":33}},"4":{"start":{"line":5,"column":0},"end":{"line":5,"column":54}},"5":{"start":{"line":6,"column":0},"end":{"line":6,"column":73}},"7":{"start":{"line":8,"column":0},"end":{"line":8,"column":24}},"8":{"start":{"line":9,"column":0},"end":{"line":9,"column":3}},"9":{"start":{"line":10,"column":0},"end":{"line":10,"column":21}},"10":{"start":{"line":11,"column":0},"end":{"line":11,"column":17}},"11":{"start":{"line":12,"column":0},"end":{"line":12,"column":13}},"12":{"start":{"line":13,"column":0},"end":{"line":13,"column":43}},"13":{"start":{"line":14,"column":0},"end":{"line":14,"column":44}},"14":{"start":{"line":15,"column":0},"end":{"line":15,"column":44}},"15":{"start":{"line":16,"column":0},"end":{"line":16,"column":42}},"16":{"start":{"line":17,"column":0},"end":{"line":17,"column":40}},"17":{"start":{"line":18,"column":0},"end":{"line":18,"column":6}},"18":{"start":{"line":19,"column":0},"end":{"line":19,"column":48}},"19":{"start":{"line":20,"column":0},"end":{"line":20,"column":34}},"20":{"start":{"line":21,"column":0},"end":{"line":21,"column":4}},"21":{"start":{"line":22,"column":0},"end":{"line":22,"column":3}},"22":{"start":{"line":23,"column":0},"end":{"line":23,"column":21}},"23":{"start":{"line":24,"column":0},"end":{"line":24,"column":19}},"24":{"start":{"line":25,"column":0},"end":{"line":25,"column":15}},"25":{"start":{"line":26,"column":0},"end":{"line":26,"column":44}},"26":{"start":{"line":27,"column":0},"end":{"line":27,"column":28}},"27":{"start":{"line":28,"column":0},"end":{"line":28,"column":4}},"28":{"start":{"line":29,"column":0},"end":{"line":29,"column":3}},"29":{"start":{"line":30,"column":0},"end":{"line":30,"column":18}},"30":{"start":{"line":31,"column":0},"end":{"line":31,"column":25}},"31":{"start":{"line":32,"column":0},"end":{"line":32,"column":13}},"32":{"start":{"line":33,"column":0},"end":{"line":33,"column":55}},"33":{"start":{"line":34,"column":0},"end":{"line":34,"column":58}},"34":{"start":{"line":35,"column":0},"end":{"line":35,"column":60}},"35":{"start":{"line":36,"column":0},"end":{"line":36,"column":59}},"36":{"start":{"line":37,"column":0},"end":{"line":37,"column":61}},"37":{"start":{"line":38,"column":0},"end":{"line":38,"column":6}},"38":{"start":{"line":39,"column":0},"end":{"line":39,"column":4}},"39":{"start":{"line":40,"column":0},"end":{"line":40,"column":10}},"41":{"start":{"line":42,"column":0},"end":{"line":42,"column":26}},"42":{"start":{"line":43,"column":0},"end":{"line":43,"column":3}},"43":{"start":{"line":44,"column":0},"end":{"line":44,"column":21}},"44":{"start":{"line":45,"column":0},"end":{"line":45,"column":21}},"45":{"start":{"line":46,"column":0},"end":{"line":46,"column":15}},"46":{"start":{"line":47,"column":0},"end":{"line":47,"column":43}},"47":{"start":{"line":48,"column":0},"end":{"line":48,"column":28}},"48":{"start":{"line":49,"column":0},"end":{"line":49,"column":4}},"49":{"start":{"line":50,"column":0},"end":{"line":50,"column":3}},"50":{"start":{"line":51,"column":0},"end":{"line":51,"column":21}},"51":{"start":{"line":52,"column":0},"end":{"line":52,"column":22}},"52":{"start":{"line":53,"column":0},"end":{"line":53,"column":51}},"53":{"start":{"line":54,"column":0},"end":{"line":54,"column":45}},"54":{"start":{"line":55,"column":0},"end":{"line":55,"column":28}},"55":{"start":{"line":56,"column":0},"end":{"line":56,"column":4}},"56":{"start":{"line":57,"column":0},"end":{"line":57,"column":3}},"57":{"start":{"line":58,"column":0},"end":{"line":58,"column":21}},"58":{"start":{"line":59,"column":0},"end":{"line":59,"column":22}},"59":{"start":{"line":60,"column":0},"end":{"line":60,"column":13}},"60":{"start":{"line":61,"column":0},"end":{"line":61,"column":41}},"61":{"start":{"line":62,"column":0},"end":{"line":62,"column":43}},"62":{"start":{"line":63,"column":0},"end":{"line":63,"column":6}},"63":{"start":{"line":64,"column":0},"end":{"line":64,"column":45}},"64":{"start":{"line":65,"column":0},"end":{"line":65,"column":28}},"65":{"start":{"line":66,"column":0},"end":{"line":66,"column":4}},"66":{"start":{"line":67,"column":0},"end":{"line":67,"column":3}},"67":{"start":{"line":68,"column":0},"end":{"line":68,"column":21}},"68":{"start":{"line":69,"column":0},"end":{"line":69,"column":20}},"69":{"start":{"line":70,"column":0},"end":{"line":70,"column":13}},"70":{"start":{"line":71,"column":0},"end":{"line":71,"column":43}},"71":{"start":{"line":72,"column":0},"end":{"line":72,"column":41}},"72":{"start":{"line":73,"column":0},"end":{"line":73,"column":6}},"73":{"start":{"line":74,"column":0},"end":{"line":74,"column":42}},"74":{"start":{"line":75,"column":0},"end":{"line":75,"column":34}},"75":{"start":{"line":76,"column":0},"end":{"line":76,"column":4}},"76":{"start":{"line":77,"column":0},"end":{"line":77,"column":10}}},"s":{"2":1,"3":1,"4":1,"5":1,"7":1,"8":1,"9":1,"10":1,"11":1,"12":1,"13":1,"14":1,"15":1,"16":1,"17":1,"18":1,"19":1,"20":1,"21":1,"22":1,"23":1,"24":1,"25":1,"26":1,"27":1,"28":1,"29":1,"30":1,"31":1,"32":1,"33":1,"34":1,"35":1,"36":1,"37":1,"38":1,"39":1,"41":1,"42":1,"43":1,"44":1,"45":1,"46":1,"47":1,"48":1,"49":1,"50":1,"51":1,"52":1,"53":1,"54":1,"55":1,"56":1,"57":1,"58":1,"59":1,"60":1,"61":1,"62":1,"63":1,"64":1,"65":1,"66":1,"67":1,"68":1,"69":1,"70":1,"71":1,"72":1,"73":1,"74":1,"75":1,"76":1},"branchMap":{},"b":{},"fnMap":{},"f":{}}
,"/home/vanio/local/sdk/nodejs/src/errors.ts": {"path":"/home/vanio/local/sdk/nodejs/src/errors.ts","all":false,"statementMap":{"0":{"start":{"line":1,"column":0},"end":{"line":1,"column":37}},"1":{"start":{"line":2,"column":0},"end":{"line":2,"column":14}},"2":{"start":{"line":3,"column":0},"end":{"line":3,"column":20}},"3":{"start":{"line":4,"column":0},"end":{"line":4,"column":33}},"4":{"start":{"line":5,"column":0},"end":{"line":5,"column":5}},"5":{"start":{"line":6,"column":0},"end":{"line":6,"column":18}},"6":{"start":{"line":7,"column":0},"end":{"line":7,"column":26}},"7":{"start":{"line":8,"column":0},"end":{"line":8,"column":3}},"8":{"start":{"line":9,"column":0},"end":{"line":9,"column":1}},"10":{"start":{"line":11,"column":0},"end":{"line":11,"column":56}},"11":{"start":{"line":12,"column":0},"end":{"line":12,"column":14}},"12":{"start":{"line":13,"column":0},"end":{"line":13,"column":34}},"13":{"start":{"line":14,"column":0},"end":{"line":14,"column":36}},"14":{"start":{"line":15,"column":0},"end":{"line":15,"column":37}},"15":{"start":{"line":16,"column":0},"end":{"line":16,"column":5}},"16":{"start":{"line":17,"column":0},"end":{"line":17,"column":10}},"17":{"start":{"line":18,"column":0},"end":{"line":18,"column":83}},"18":{"start":{"line":19,"column":0},"end":{"line":19,"column":29}},"19":{"start":{"line":20,"column":0},"end":{"line":20,"column":5}},"20":{"start":{"line":21,"column":0},"end":{"line":21,"column":42}},"21":{"start":{"line":22,"column":0},"end":{"line":22,"column":3}},"22":{"start":{"line":23,"column":0},"end":{"line":23,"column":1}},"24":{"start":{"line":25,"column":0},"end":{"line":25,"column":42}},"25":{"start":{"line":26,"column":0},"end":{"line":26,"column":31}},"26":{"start":{"line":27,"column":0},"end":{"line":27,"column":52}},"27":{"start":{"line":28,"column":0},"end":{"line":28,"column":28}},"28":{"start":{"line":29,"column":0},"end":{"line":29,"column":3}},"29":{"start":{"line":30,"column":0},"end":{"line":30,"column":1}},"31":{"start":{"line":32,"column":0},"end":{"line":32,"column":53}},"32":{"start":{"line":33,"column":0},"end":{"line":33,"column":14}},"33":{"start":{"line":34,"column":0},"end":{"line":34,"column":35}},"34":{"start":{"line":35,"column":0},"end":{"line":35,"column":40}},"35":{"start":{"line":36,"column":0},"end":{"line":36,"column":5}},"36":{"start":{"line":37,"column":0},"end":{"line":37,"column":69}},"37":{"start":{"line":38,"column":0},"end":{"line":38,"column":39}},"38":{"start":{"line":39,"column":0},"end":{"line":39,"column":3}},"39":{"start":{"line":40,"column":0},"end":{"line":40,"column":1}},"41":{"start":{"line":42,"column":0},"end":{"line":42,"column":45}},"42":{"start":{"line":43,"column":0},"end":{"line":43,"column":31}},"43":{"start":{"line":44,"column":0},"end":{"line":44,"column":64}},"44":{"start":{"line":45,"column":0},"end":{"line":45,"column":31}},"45":{"start":{"line":46,"column":0},"end":{"line":46,"column":3}},"46":{"start":{"line":47,"column":0},"end":{"line":47,"column":1}},"48":{"start":{"line":49,"column":0},"end":{"line":49,"column":49}},"49":{"start":{"line":50,"column":0},"end":{"line":50,"column":47}},"50":{"start":{"line":51,"column":0},"end":{"line":51,"column":54}},"51":{"start":{"line":52,"column":0},"end":{"line":52,"column":35}},"52":{"start":{"line":53,"column":0},"end":{"line":53,"column":3}},"53":{"start":{"line":54,"column":0},"end":{"line":54,"column":1}}},"s":{"0":1,"1":1,"2":16,"3":16,"4":16,"5":16,"6":16,"7":16,"8":1,"10":1,"11":1,"12":3,"13":3,"14":3,"15":3,"16":3,"17":3,"18":3,"19":3,"20":3,"21":3,"22":1,"24":1,"25":1,"26":6,"27":6,"28":6,"29":1,"31":1,"32":1,"33":2,"34":2,"35":2,"36":2,"37":2,"38":2,"39":1,"41":1,"42":1,"43":3,"44":3,"45":3,"46":1,"48":1,"49":1,"50":1,"51":1,"52":1,"53":1},"branchMap":{"0":{"type":"branch","line":2,"loc":{"start":{"line":2,"column":2},"end":{"line":8,"column":3}},"locations":[{"start":{"line":2,"column":2},"end":{"line":8,"column":3}}]},"1":{"type":"branch","line":12,"loc":{"start":{"line":12,"column":2},"end":{"line":22,"column":3}},"locations":[{"start":{"line":12,"column":2},"end":{"line":22,"column":3}}]},"2":{"type":"branch","line":26,"loc":{"start":{"line":26,"column":2},"end":{"line":29,"column":3}},"locations":[{"start":{"line":26,"column":2},"end":{"line":29,"column":3}}]},"3":{"type":"branch","line":33,"loc":{"start":{"line":33,"column":2},"end":{"line":39,"column":3}},"locations":[{"start":{"line":33,"column":2},"end":{"line":39,"column":3}}]},"4":{"type":"branch","line":43,"loc":{"start":{"line":43,"column":2},"end":{"line":46,"column":3}},"locations":[{"start":{"line":43,"column":2},"end":{"line":46,"column":3}}]},"5":{"type":"branch","line":50,"loc":{"start":{"line":50,"column":2},"end":{"line":53,"column":3}},"locations":[{"start":{"line":50,"column":2},"end":{"line":53,"column":3}}]}},"b":{"0":[16],"1":[3],"2":[6],"3":[2],"4":[3],"5":[1]},"fnMap":{"0":{"name":"AfiError","decl":{"start":{"line":2,"column":2},"end":{"line":8,"column":3}},"loc":{"start":{"line":2,"column":2},"end":{"line":8,"column":3}},"line":2},"1":{"name":"InsufficientBalanceError","decl":{"start":{"line":12,"column":2},"end":{"line":22,"column":3}},"loc":{"start":{"line":12,"column":2},"end":{"line":22,"column":3}},"line":12},"2":{"name":"QuoteError","decl":{"start":{"line":26,"column":2},"end":{"line":29,"column":3}},"loc":{"start":{"line":26,"column":2},"end":{"line":29,"column":3}},"line":26},"3":{"name":"SimulationFailedError","decl":{"start":{"line":33,"column":2},"end":{"line":39,"column":3}},"loc":{"start":{"line":33,"column":2},"end":{"line":39,"column":3}},"line":33},"4":{"name":"ApprovalError","decl":{"start":{"line":43,"column":2},"end":{"line":46,"column":3}},"loc":{"start":{"line":43,"column":2},"end":{"line":46,"column":3}},"line":43},"5":{"name":"SwapRevertedError","decl":{"start":{"line":50,"column":2},"end":{"line":53,"column":3}},"loc":{"start":{"line":50,"column":2},"end":{"line":53,"column":3}},"line":50}},"f":{"0":16,"1":3,"2":6,"3":2,"4":3,"5":1}}
,"/home/vanio/local/sdk/nodejs/src/info.ts": {"path":"/home/vanio/local/sdk/nodejs/src/info.ts","all":false,"statementMap":{"2":{"start":{"line":3,"column":0},"end":{"line":3,"column":43}},"19":{"start":{"line":20,"column":0},"end":{"line":20,"column":55}},"20":{"start":{"line":21,"column":0},"end":{"line":21,"column":19}},"21":{"start":{"line":22,"column":0},"end":{"line":22,"column":7}},"22":{"start":{"line":23,"column":0},"end":{"line":23,"column":31}},"23":{"start":{"line":24,"column":0},"end":{"line":24,"column":15}},"24":{"start":{"line":25,"column":0},"end":{"line":25,"column":71}},"25":{"start":{"line":26,"column":0},"end":{"line":26,"column":3}},"27":{"start":{"line":28,"column":0},"end":{"line":28,"column":61}},"29":{"start":{"line":30,"column":0},"end":{"line":30,"column":49}},"31":{"start":{"line":32,"column":0},"end":{"line":32,"column":54}},"32":{"start":{"line":33,"column":0},"end":{"line":33,"column":65}},"33":{"start":{"line":34,"column":0},"end":{"line":34,"column":3}},"35":{"start":{"line":36,"column":0},"end":{"line":36,"column":37}},"36":{"start":{"line":37,"column":0},"end":{"line":37,"column":40}},"37":{"start":{"line":38,"column":0},"end":{"line":38,"column":21}},"38":{"start":{"line":39,"column":0},"end":{"line":39,"column":25}},"39":{"start":{"line":40,"column":0},"end":{"line":40,"column":21}},"40":{"start":{"line":41,"column":0},"end":{"line":41,"column":5}},"41":{"start":{"line":42,"column":0},"end":{"line":42,"column":1}}},"s":{"2":1,"19":6,"20":6,"21":6,"22":6,"23":6,"24":1,"25":1,"27":6,"29":4,"31":6,"32":2,"33":2,"35":2,"36":6,"37":6,"38":6,"39":6,"40":2,"41":2},"branchMap":{"0":{"type":"branch","line":20,"loc":{"start":{"line":20,"column":0},"end":{"line":42,"column":1}},"locations":[{"start":{"line":20,"column":0},"end":{"line":42,"column":1}}]},"1":{"type":"branch","line":23,"loc":{"start":{"line":23,"column":30},"end":{"line":24,"column":11}},"locations":[{"start":{"line":23,"column":30},"end":{"line":24,"column":11}}]},"2":{"type":"branch","line":24,"loc":{"start":{"line":24,"column":2},"end":{"line":26,"column":3}},"locations":[{"start":{"line":24,"column":2},"end":{"line":26,"column":3}}]},"3":{"type":"branch","line":26,"loc":{"start":{"line":26,"column":2},"end":{"line":28,"column":21}},"locations":[{"start":{"line":26,"column":2},"end":{"line":28,"column":21}}]},"4":{"type":"branch","line":28,"loc":{"start":{"line":28,"column":15},"end":{"line":28,"column":61}},"locations":[{"start":{"line":28,"column":15},"end":{"line":28,"column":61}}]},"5":{"type":"branch","line":28,"loc":{"start":{"line":28,"column":60},"end":{"line":32,"column":35}},"locations":[{"start":{"line":28,"column":60},"end":{"line":32,"column":35}}]},"6":{"type":"branch","line":32,"loc":{"start":{"line":32,"column":22},"end":{"line":32,"column":53}},"locations":[{"start":{"line":32,"column":22},"end":{"line":32,"column":53}}]},"7":{"type":"branch","line":32,"loc":{"start":{"line":32,"column":53},"end":{"line":42,"column":1}},"locations":[{"start":{"line":32,"column":53},"end":{"line":42,"column":1}}]},"8":{"type":"branch","line":36,"loc":{"start":{"line":36,"column":28},"end":{"line":41,"column":4}},"locations":[{"start":{"line":36,"column":28},"end":{"line":41,"column":4}}]}},"b":{"0":[6],"1":[5],"2":[1],"3":[5],"4":[1],"5":[4],"6":[3],"7":[2],"8":[6]},"fnMap":{"0":{"name":"fetchTokens","decl":{"start":{"line":20,"column":0},"end":{"line":42,"column":1}},"loc":{"start":{"line":20,"column":0},"end":{"line":42,"column":1}},"line":20}},"f":{"0":6}}
,"/home/vanio/local/sdk/nodejs/src/quoter.ts": {"path":"/home/vanio/local/sdk/nodejs/src/quoter.ts","all":false,"statementMap":{"0":{"start":{"line":1,"column":0},"end":{"line":1,"column":43}},"20":{"start":{"line":21,"column":0},"end":{"line":21,"column":33}},"21":{"start":{"line":22,"column":0},"end":{"line":22,"column":21}},"22":{"start":{"line":23,"column":0},"end":{"line":23,"column":19}},"23":{"start":{"line":24,"column":0},"end":{"line":24,"column":17}},"24":{"start":{"line":25,"column":0},"end":{"line":25,"column":17}},"25":{"start":{"line":26,"column":0},"end":{"line":26,"column":19}},"26":{"start":{"line":27,"column":0},"end":{"line":27,"column":16}},"27":{"start":{"line":28,"column":0},"end":{"line":28,"column":20}},"28":{"start":{"line":29,"column":0},"end":{"line":29,"column":28}},"29":{"start":{"line":30,"column":0},"end":{"line":30,"column":30}},"30":{"start":{"line":31,"column":0},"end":{"line":31,"column":54}},"31":{"start":{"line":32,"column":0},"end":{"line":32,"column":30}},"32":{"start":{"line":33,"column":0},"end":{"line":33,"column":15}},"33":{"start":{"line":34,"column":0},"end":{"line":34,"column":15}},"34":{"start":{"line":35,"column":0},"end":{"line":35,"column":11}},"35":{"start":{"line":36,"column":0},"end":{"line":36,"column":3}},"37":{"start":{"line":38,"column":0},"end":{"line":38,"column":19}},"38":{"start":{"line":39,"column":0},"end":{"line":39,"column":7}},"39":{"start":{"line":40,"column":0},"end":{"line":40,"column":35}},"40":{"start":{"line":41,"column":0},"end":{"line":41,"column":21}},"41":{"start":{"line":42,"column":0},"end":{"line":42,"column":54}},"42":{"start":{"line":43,"column":0},"end":{"line":43,"column":33}},"43":{"start":{"line":44,"column":0},"end":{"line":44,"column":6}},"44":{"start":{"line":45,"column":0},"end":{"line":45,"column":15}},"45":{"start":{"line":46,"column":0},"end":{"line":46,"column":66}},"46":{"start":{"line":47,"column":0},"end":{"line":47,"column":3}},"48":{"start":{"line":49,"column":0},"end":{"line":49,"column":16}},"49":{"start":{"line":50,"column":0},"end":{"line":50,"column":46}},"50":{"start":{"line":51,"column":0},"end":{"line":51,"column":3}},"52":{"start":{"line":53,"column":0},"end":{"line":53,"column":54}},"54":{"start":{"line":55,"column":0},"end":{"line":55,"column":48}},"55":{"start":{"line":56,"column":0},"end":{"line":56,"column":69}},"56":{"start":{"line":57,"column":0},"end":{"line":57,"column":3}},"58":{"start":{"line":59,"column":0},"end":{"line":59,"column":21}},"60":{"start":{"line":61,"column":0},"end":{"line":61,"column":44}},"61":{"start":{"line":62,"column":0},"end":{"line":62,"column":70}},"62":{"start":{"line":63,"column":0},"end":{"line":63,"column":3}},"64":{"start":{"line":65,"column":0},"end":{"line":65,"column":10}},"65":{"start":{"line":66,"column":0},"end":{"line":66,"column":34}},"66":{"start":{"line":67,"column":0},"end":{"line":67,"column":36}},"67":{"start":{"line":68,"column":0},"end":{"line":68,"column":39}},"68":{"start":{"line":69,"column":0},"end":{"line":69,"column":41}},"69":{"start":{"line":70,"column":0},"end":{"line":70,"column":35}},"70":{"start":{"line":71,"column":0},"end":{"line":71,"column":26}},"71":{"start":{"line":72,"column":0},"end":{"line":72,"column":30}},"72":{"start":{"line":73,"column":0},"end":{"line":73,"column":25}},"73":{"start":{"line":74,"column":0},"end":{"line":74,"column":11}},"74":{"start":{"line":75,"column":0},"end":{"line":75,"column":3}},"75":{"start":{"line":76,"column":0},"end":{"line":76,"column":1}}},"s":{"0":1,"20":8,"21":8,"22":8,"23":8,"24":8,"25":8,"26":8,"27":8,"28":8,"29":8,"30":8,"31":8,"32":8,"33":8,"34":8,"35":8,"37":8,"38":8,"39":8,"40":8,"41":8,"42":8,"43":8,"44":8,"45":1,"46":1,"48":8,"49":1,"50":1,"52":6,"54":8,"55":2,"56":2,"58":4,"60":8,"61":1,"62":1,"64":3,"65":3,"66":3,"67":3,"68":3,"69":3,"70":3,"71":3,"72":3,"73":3,"74":3,"75":3},"branchMap":{"0":{"type":"branch","line":21,"loc":{"start":{"line":21,"column":0},"end":{"line":76,"column":1}},"locations":[{"start":{"line":21,"column":0},"end":{"line":76,"column":1}}]},"1":{"type":"branch","line":44,"loc":{"start":{"line":44,"column":5},"end":{"line":45,"column":11}},"locations":[{"start":{"line":44,"column":5},"end":{"line":45,"column":11}}]},"2":{"type":"branch","line":45,"loc":{"start":{"line":45,"column":2},"end":{"line":47,"column":3}},"locations":[{"start":{"line":45,"column":2},"end":{"line":47,"column":3}}]},"3":{"type":"branch","line":47,"loc":{"start":{"line":47,"column":2},"end":{"line":49,"column":15}},"locations":[{"start":{"line":47,"column":2},"end":{"line":49,"column":15}}]},"4":{"type":"branch","line":49,"loc":{"start":{"line":49,"column":15},"end":{"line":51,"column":3}},"locations":[{"start":{"line":49,"column":15},"end":{"line":51,"column":3}}]},"5":{"type":"branch","line":51,"loc":{"start":{"line":51,"column":2},"end":{"line":55,"column":35}},"locations":[{"start":{"line":51,"column":2},"end":{"line":55,"column":35}}]},"6":{"type":"branch","line":55,"loc":{"start":{"line":55,"column":22},"end":{"line":55,"column":47}},"locations":[{"start":{"line":55,"column":22},"end":{"line":55,"column":47}}]},"7":{"type":"branch","line":55,"loc":{"start":{"line":55,"column":47},"end":{"line":57,"column":3}},"locations":[{"start":{"line":55,"column":47},"end":{"line":57,"column":3}}]},"8":{"type":"branch","line":56,"loc":{"start":{"line":56,"column":30},"end":{"line":56,"column":68}},"locations":[{"start":{"line":56,"column":30},"end":{"line":56,"column":68}}]},"9":{"type":"branch","line":57,"loc":{"start":{"line":57,"column":2},"end":{"line":61,"column":43}},"locations":[{"start":{"line":57,"column":2},"end":{"line":61,"column":43}}]},"10":{"type":"branch","line":61,"loc":{"start":{"line":61,"column":43},"end":{"line":63,"column":3}},"locations":[{"start":{"line":61,"column":43},"end":{"line":63,"column":3}}]},"11":{"type":"branch","line":63,"loc":{"start":{"line":63,"column":2},"end":{"line":76,"column":1}},"locations":[{"start":{"line":63,"column":2},"end":{"line":76,"column":1}}]}},"b":{"0":[8],"1":[7],"2":[1],"3":[7],"4":[1],"5":[6],"6":[4],"7":[2],"8":[1],"9":[4],"10":[1],"11":[3]},"fnMap":{"0":{"name":"fetchQuote","decl":{"start":{"line":21,"column":0},"end":{"line":76,"column":1}},"loc":{"start":{"line":21,"column":0},"end":{"line":76,"column":1}},"line":21}},"f":{"0":8}}
,"/home/vanio/local/sdk/nodejs/src/token.ts": {"path":"/home/vanio/local/sdk/nodejs/src/token.ts","all":false,"statementMap":{"0":{"start":{"line":1,"column":0},"end":{"line":1,"column":74}},"9":{"start":{"line":10,"column":0},"end":{"line":10,"column":94}},"10":{"start":{"line":11,"column":0},"end":{"line":11,"column":90}},"11":{"start":{"line":12,"column":0},"end":{"line":12,"column":1}},"13":{"start":{"line":14,"column":0},"end":{"line":14,"column":33}},"14":{"start":{"line":15,"column":0},"end":{"line":15,"column":17}},"15":{"start":{"line":16,"column":0},"end":{"line":16,"column":17}},"16":{"start":{"line":17,"column":0},"end":{"line":17,"column":27}},"17":{"start":{"line":18,"column":0},"end":{"line":18,"column":20}},"18":{"start":{"line":19,"column":0},"end":{"line":19,"column":30}},"19":{"start":{"line":20,"column":0},"end":{"line":20,"column":19}},"20":{"start":{"line":21,"column":0},"end":{"line":21,"column":19}},"21":{"start":{"line":22,"column":0},"end":{"line":22,"column":30}},"22":{"start":{"line":23,"column":0},"end":{"line":23,"column":18}},"23":{"start":{"line":24,"column":0},"end":{"line":24,"column":4}},"24":{"start":{"line":25,"column":0},"end":{"line":25,"column":1}},"26":{"start":{"line":27,"column":0},"end":{"line":27,"column":35}},"27":{"start":{"line":28,"column":0},"end":{"line":28,"column":17}},"28":{"start":{"line":29,"column":0},"end":{"line":29,"column":17}},"29":{"start":{"line":30,"column":0},"end":{"line":30,"column":27}},"30":{"start":{"line":31,"column":0},"end":{"line":31,"column":20}},"31":{"start":{"line":32,"column":0},"end":{"line":32,"column":30}},"32":{"start":{"line":33,"column":0},"end":{"line":33,"column":19}},"33":{"start":{"line":34,"column":0},"end":{"line":34,"column":19}},"34":{"start":{"line":35,"column":0},"end":{"line":35,"column":30}},"35":{"start":{"line":36,"column":0},"end":{"line":36,"column":31}},"36":{"start":{"line":37,"column":0},"end":{"line":37,"column":4}},"37":{"start":{"line":38,"column":0},"end":{"line":38,"column":1}},"39":{"start":{"line":40,"column":0},"end":{"line":40,"column":46}},"40":{"start":{"line":41,"column":0},"end":{"line":41,"column":17}},"41":{"start":{"line":42,"column":0},"end":{"line":42,"column":17}},"42":{"start":{"line":43,"column":0},"end":{"line":43,"column":19}},"43":{"start":{"line":44,"column":0},"end":{"line":44,"column":27}},"44":{"start":{"line":45,"column":0},"end":{"line":45,"column":18}},"45":{"start":{"line":46,"column":0},"end":{"line":46,"column":56}},"46":{"start":{"line":47,"column":0},"end":{"line":47,"column":86}},"47":{"start":{"line":48,"column":0},"end":{"line":48,"column":1}},"53":{"start":{"line":54,"column":0},"end":{"line":54,"column":42}},"54":{"start":{"line":55,"column":0},"end":{"line":55,"column":17}},"55":{"start":{"line":56,"column":0},"end":{"line":56,"column":17}},"56":{"start":{"line":57,"column":0},"end":{"line":57,"column":17}},"57":{"start":{"line":58,"column":0},"end":{"line":58,"column":33}},"58":{"start":{"line":59,"column":0},"end":{"line":59,"column":33}},"59":{"start":{"line":60,"column":0},"end":{"line":60,"column":27}},"60":{"start":{"line":61,"column":0},"end":{"line":61,"column":64}},"61":{"start":{"line":62,"column":0},"end":{"line":62,"column":36}},"64":{"start":{"line":65,"column":0},"end":{"line":65,"column":21}},"65":{"start":{"line":66,"column":0},"end":{"line":66,"column":9}},"66":{"start":{"line":67,"column":0},"end":{"line":67,"column":58}},"67":{"start":{"line":68,"column":0},"end":{"line":68,"column":23}},"68":{"start":{"line":69,"column":0},"end":{"line":69,"column":23}},"69":{"start":{"line":70,"column":0},"end":{"line":70,"column":32}},"70":{"start":{"line":71,"column":0},"end":{"line":71,"column":32}},"71":{"start":{"line":72,"column":0},"end":{"line":72,"column":8}},"72":{"start":{"line":73,"column":0},"end":{"line":73,"column":71}},"73":{"start":{"line":74,"column":0},"end":{"line":74,"column":13}},"75":{"start":{"line":76,"column":0},"end":{"line":76,"column":5}},"76":{"start":{"line":77,"column":0},"end":{"line":77,"column":3}},"78":{"start":{"line":79,"column":0},"end":{"line":79,"column":25}},"79":{"start":{"line":80,"column":0},"end":{"line":80,"column":7}},"80":{"start":{"line":81,"column":0},"end":{"line":81,"column":45}},"81":{"start":{"line":82,"column":0},"end":{"line":82,"column":21}},"82":{"start":{"line":83,"column":0},"end":{"line":83,"column":21}},"83":{"start":{"line":84,"column":0},"end":{"line":84,"column":30}},"84":{"start":{"line":85,"column":0},"end":{"line":85,"column":34}},"85":{"start":{"line":86,"column":0},"end":{"line":86,"column":6}},"86":{"start":{"line":87,"column":0},"end":{"line":87,"column":15}},"87":{"start":{"line":88,"column":0},"end":{"line":88,"column":49}},"88":{"start":{"line":89,"column":0},"end":{"line":89,"column":3}},"90":{"start":{"line":91,"column":0},"end":{"line":91,"column":56}},"93":{"start":{"line":94,"column":0},"end":{"line":94,"column":66}},"94":{"start":{"line":95,"column":0},"end":{"line":95,"column":27}},"95":{"start":{"line":96,"column":0},"end":{"line":96,"column":82}},"96":{"start":{"line":97,"column":0},"end":{"line":97,"column":3}},"98":{"start":{"line":99,"column":0},"end":{"line":99,"column":13}},"99":{"start":{"line":100,"column":0},"end":{"line":100,"column":1}}},"s":{"0":1,"9":1,"10":1,"11":1,"13":4,"14":4,"15":4,"16":4,"17":4,"18":4,"19":4,"20":4,"21":4,"22":4,"23":4,"24":4,"26":11,"27":11,"28":11,"29":11,"30":11,"31":11,"32":11,"33":11,"34":11,"35":11,"36":11,"37":11,"39":3,"40":3,"41":3,"42":3,"43":3,"44":3,"45":3,"46":3,"47":3,"53":6,"54":6,"55":6,"56":6,"57":6,"58":6,"59":6,"60":6,"61":6,"64":6,"65":2,"66":2,"67":2,"68":2,"69":2,"70":2,"71":2,"72":1,"73":1,"75":1,"76":2,"78":5,"79":5,"80":5,"81":5,"82":5,"83":5,"84":5,"85":5,"86":6,"87":1,"88":1,"90":4,"93":4,"94":6,"95":1,"96":1,"98":3,"99":3},"branchMap":{"0":{"type":"branch","line":10,"loc":{"start":{"line":10,"column":0},"end":{"line":12,"column":1}},"locations":[{"start":{"line":10,"column":0},"end":{"line":12,"column":1}}]},"1":{"type":"branch","line":14,"loc":{"start":{"line":14,"column":0},"end":{"line":25,"column":1}},"locations":[{"start":{"line":14,"column":0},"end":{"line":25,"column":1}}]},"2":{"type":"branch","line":27,"loc":{"start":{"line":27,"column":0},"end":{"line":38,"column":1}},"locations":[{"start":{"line":27,"column":0},"end":{"line":38,"column":1}}]},"3":{"type":"branch","line":40,"loc":{"start":{"line":40,"column":0},"end":{"line":48,"column":1}},"locations":[{"start":{"line":40,"column":0},"end":{"line":48,"column":1}}]},"4":{"type":"branch","line":47,"loc":{"start":{"line":47,"column":26},"end":{"line":47,"column":86}},"locations":[{"start":{"line":47,"column":26},"end":{"line":47,"column":86}}]},"5":{"type":"branch","line":54,"loc":{"start":{"line":54,"column":0},"end":{"line":100,"column":1}},"locations":[{"start":{"line":54,"column":0},"end":{"line":100,"column":1}}]},"6":{"type":"branch","line":62,"loc":{"start":{"line":62,"column":25},"end":{"line":62,"column":36}},"locations":[{"start":{"line":62,"column":25},"end":{"line":62,"column":36}}]},"7":{"type":"branch","line":62,"loc":{"start":{"line":62,"column":32},"end":{"line":65,"column":20}},"locations":[{"start":{"line":62,"column":32},"end":{"line":65,"column":20}}]},"8":{"type":"branch","line":65,"loc":{"start":{"line":65,"column":20},"end":{"line":77,"column":3}},"locations":[{"start":{"line":65,"column":20},"end":{"line":77,"column":3}}]},"9":{"type":"branch","line":72,"loc":{"start":{"line":72,"column":7},"end":{"line":76,"column":5}},"locations":[{"start":{"line":72,"column":7},"end":{"line":76,"column":5}}]},"10":{"type":"branch","line":77,"loc":{"start":{"line":77,"column":2},"end":{"line":86,"column":6}},"locations":[{"start":{"line":77,"column":2},"end":{"line":86,"column":6}}]},"11":{"type":"branch","line":86,"loc":{"start":{"line":86,"column":5},"end":{"line":87,"column":11}},"locations":[{"start":{"line":86,"column":5},"end":{"line":87,"column":11}}]},"12":{"type":"branch","line":87,"loc":{"start":{"line":87,"column":2},"end":{"line":89,"column":3}},"locations":[{"start":{"line":87,"column":2},"end":{"line":89,"column":3}}]},"13":{"type":"branch","line":89,"loc":{"start":{"line":89,"column":2},"end":{"line":95,"column":26}},"locations":[{"start":{"line":89,"column":2},"end":{"line":95,"column":26}}]},"14":{"type":"branch","line":95,"loc":{"start":{"line":95,"column":26},"end":{"line":97,"column":3}},"locations":[{"start":{"line":95,"column":26},"end":{"line":97,"column":3}}]},"15":{"type":"branch","line":97,"loc":{"start":{"line":97,"column":2},"end":{"line":100,"column":1}},"locations":[{"start":{"line":97,"column":2},"end":{"line":100,"column":1}}]}},"b":{"0":[1],"1":[4],"2":[11],"3":[3],"4":[2],"5":[6],"6":[1],"7":[5],"8":[2],"9":[1],"10":[5],"11":[4],"12":[1],"13":[4],"14":[1],"15":[3]},"fnMap":{"0":{"name":"getDecimals","decl":{"start":{"line":10,"column":0},"end":{"line":12,"column":1}},"loc":{"start":{"line":10,"column":0},"end":{"line":12,"column":1}},"line":10},"1":{"name":"getBalance","decl":{"start":{"line":14,"column":0},"end":{"line":25,"column":1}},"loc":{"start":{"line":14,"column":0},"end":{"line":25,"column":1}},"line":14},"2":{"name":"getAllowance","decl":{"start":{"line":27,"column":0},"end":{"line":38,"column":1}},"loc":{"start":{"line":27,"column":0},"end":{"line":38,"column":1}},"line":27},"3":{"name":"assertSufficientBalance","decl":{"start":{"line":40,"column":0},"end":{"line":48,"column":1}},"loc":{"start":{"line":40,"column":0},"end":{"line":48,"column":1}},"line":40},"4":{"name":"ensureExactApproval","decl":{"start":{"line":54,"column":0},"end":{"line":100,"column":1}},"loc":{"start":{"line":54,"column":0},"end":{"line":100,"column":1}},"line":54}},"f":{"0":1,"1":4,"2":11,"3":3,"4":6}}
,"/home/vanio/local/sdk/nodejs/src/utils.ts": {"path":"/home/vanio/local/sdk/nodejs/src/utils.ts","all":false,"statementMap":{"1":{"start":{"line":2,"column":0},"end":{"line":2,"column":72}},"2":{"start":{"line":3,"column":0},"end":{"line":3,"column":41}},"3":{"start":{"line":4,"column":0},"end":{"line":4,"column":32}},"4":{"start":{"line":5,"column":0},"end":{"line":5,"column":31}},"5":{"start":{"line":6,"column":0},"end":{"line":6,"column":42}},"6":{"start":{"line":7,"column":0},"end":{"line":7,"column":76}},"7":{"start":{"line":8,"column":0},"end":{"line":8,"column":30}},"8":{"start":{"line":9,"column":0},"end":{"line":9,"column":1}},"12":{"start":{"line":13,"column":0},"end":{"line":13,"column":71}},"13":{"start":{"line":14,"column":0},"end":{"line":14,"column":39}},"14":{"start":{"line":15,"column":0},"end":{"line":15,"column":1}},"18":{"start":{"line":19,"column":0},"end":{"line":19,"column":70}},"19":{"start":{"line":20,"column":0},"end":{"line":20,"column":46}},"20":{"start":{"line":21,"column":0},"end":{"line":21,"column":66}},"21":{"start":{"line":22,"column":0},"end":{"line":22,"column":76}},"22":{"start":{"line":23,"column":0},"end":{"line":23,"column":1}}},"s":{"1":1,"2":21,"3":21,"4":21,"5":21,"6":8,"7":8,"8":8,"12":1,"13":4,"14":4,"18":1,"19":9,"20":9,"21":9,"22":9},"branchMap":{"0":{"type":"branch","line":2,"loc":{"start":{"line":2,"column":7},"end":{"line":9,"column":1}},"locations":[{"start":{"line":2,"column":7},"end":{"line":9,"column":1}}]},"1":{"type":"branch","line":6,"loc":{"start":{"line":6,"column":19},"end":{"line":6,"column":42}},"locations":[{"start":{"line":6,"column":19},"end":{"line":6,"column":42}}]},"2":{"type":"branch","line":6,"loc":{"start":{"line":6,"column":41},"end":{"line":9,"column":1}},"locations":[{"start":{"line":6,"column":41},"end":{"line":9,"column":1}}]},"3":{"type":"branch","line":13,"loc":{"start":{"line":13,"column":7},"end":{"line":15,"column":1}},"locations":[{"start":{"line":13,"column":7},"end":{"line":15,"column":1}}]},"4":{"type":"branch","line":19,"loc":{"start":{"line":19,"column":7},"end":{"line":23,"column":1}},"locations":[{"start":{"line":19,"column":7},"end":{"line":23,"column":1}}]},"5":{"type":"branch","line":22,"loc":{"start":{"line":22,"column":58},"end":{"line":22,"column":75}},"locations":[{"start":{"line":22,"column":58},"end":{"line":22,"column":75}}]}},"b":{"0":[21],"1":[13],"2":[8],"3":[4],"4":[9],"5":[1]},"fnMap":{"0":{"name":"formatAmount","decl":{"start":{"line":2,"column":7},"end":{"line":9,"column":1}},"loc":{"start":{"line":2,"column":7},"end":{"line":9,"column":1}},"line":2},"1":{"name":"formatUnits","decl":{"start":{"line":13,"column":7},"end":{"line":15,"column":1}},"loc":{"start":{"line":13,"column":7},"end":{"line":15,"column":1}},"line":13},"2":{"name":"parseUnits","decl":{"start":{"line":19,"column":7},"end":{"line":23,"column":1}},"loc":{"start":{"line":19,"column":7},"end":{"line":23,"column":1}},"line":19}},"f":{"0":21,"1":4,"2":9}}
}
