{"/home/vanio/local/sdk/nodejs/src/builder.ts": {"path":"/home/vanio/local/sdk/nodejs/src/builder.ts","all":false,"statementMap":{"0":{"start":{"line":1,"column":0},"end":{"line":1,"column":44}},"5":{"start":{"line":6,"column":0},"end":{"line":6,"column":54}},"6":{"start":{"line":7,"column":0},"end":{"line":7,"column":46}},"7":{"start":{"line":8,"column":0},"end":{"line":8,"column":1}},"9":{"start":{"line":10,"column":0},"end":{"line":10,"column":27}},"12":{"start":{"line":13,"column":0},"end":{"line":13,"column":14}},"13":{"start":{"line":14,"column":0},"end":{"line":14,"column":39}},"14":{"start":{"line":15,"column":0},"end":{"line":15,"column":29}},"15":{"start":{"line":16,"column":0},"end":{"line":16,"column":30}},"16":{"start":{"line":17,"column":0},"end":{"line":17,"column":21}},"17":{"start":{"line":18,"column":0},"end":{"line":18,"column":5}},"18":{"start":{"line":19,"column":0},"end":{"line":19,"column":16}},"19":{"start":{"line":20,"column":0},"end":{"line":20,"column":40}},"20":{"start":{"line":21,"column":0},"end":{"line":21,"column":41}},"21":{"start":{"line":22,"column":0},"end":{"line":22,"column":15}},"22":{"start":{"line":23,"column":0},"end":{"line":23,"column":20}},"23":{"start":{"line":24,"column":0},"end":{"line":24,"column":18}},"24":{"start":{"line":25,"column":0},"end":{"line":25,"column":29}},"25":{"start":{"line":26,"column":0},"end":{"line":26,"column":5}},"26":{"start":{"line":27,"column":0},"end":{"line":27,"column":3}},"29":{"start":{"line":30,"column":0},"end":{"line":30,"column":66}},"32":{"start":{"line":33,"column":0},"end":{"line":33,"column":64}},"35":{"start":{"line":36,"column":0},"end":{"line":36,"column":65}},"38":{"start":{"line":39,"column":0},"end":{"line":39,"column":74}},"41":{"start":{"line":42,"column":0},"end":{"line":42,"column":66}},"44":{"start":{"line":45,"column":0},"end":{"line":45,"column":81}},"47":{"start":{"line":48,"column":0},"end":{"line":48,"column":79}},"50":{"start":{"line":51,"column":0},"end":{"line":51,"column":31}},"51":{"start":{"line":52,"column":0},"end":{"line":52,"column":48}},"52":{"start":{"line":53,"column":0},"end":{"line":53,"column":31}},"53":{"start":{"line":54,"column":0},"end":{"line":54,"column":51}},"54":{"start":{"line":55,"column":0},"end":{"line":55,"column":49}},"55":{"start":{"line":56,"column":0},"end":{"line":56,"column":5}},"56":{"start":{"line":57,"column":0},"end":{"line":57,"column":57}},"57":{"start":{"line":58,"column":0},"end":{"line":58,"column":3}},"60":{"start":{"line":61,"column":0},"end":{"line":61,"column":40}},"61":{"start":{"line":62,"column":0},"end":{"line":62,"column":34}},"62":{"start":{"line":63,"column":0},"end":{"line":63,"column":41}},"63":{"start":{"line":64,"column":0},"end":{"line":64,"column":3}},"64":{"start":{"line":65,"column":0},"end":{"line":65,"column":1}}},"s":{"0":1,"5":28,"6":28,"7":28,"9":1,"12":1,"13":14,"14":14,"15":14,"16":14,"17":14,"18":14,"19":14,"20":14,"21":14,"22":14,"23":14,"24":14,"25":14,"26":14,"29":1,"32":1,"35":1,"38":1,"41":1,"44":1,"47":1,"50":1,"51":13,"52":13,"53":13,"54":12,"55":12,"56":13,"57":13,"60":1,"61":1,"62":1,"63":1,"64":1},"branchMap":{"0":{"type":"branch","line":6,"loc":{"start":{"line":6,"column":0},"end":{"line":8,"column":1}},"locations":[{"start":{"line":6,"column":0},"end":{"line":8,"column":1}}]},"1":{"type":"branch","line":7,"loc":{"start":{"line":7,"column":22},"end":{"line":7,"column":37}},"locations":[{"start":{"line":7,"column":22},"end":{"line":7,"column":37}}]},"2":{"type":"branch","line":7,"loc":{"start":{"line":7,"column":33},"end":{"line":7,"column":46}},"locations":[{"start":{"line":7,"column":33},"end":{"line":7,"column":46}}]},"3":{"type":"branch","line":13,"loc":{"start":{"line":13,"column":2},"end":{"line":27,"column":3}},"locations":[{"start":{"line":13,"column":2},"end":{"line":27,"column":3}}]},"4":{"type":"branch","line":30,"loc":{"start":{"line":30,"column":2},"end":{"line":30,"column":66}},"locations":[{"start":{"line":30,"column":2},"end":{"line":30,"column":66}}]},"5":{"type":"branch","line":33,"loc":{"start":{"line":33,"column":2},"end":{"line":33,"column":64}},"locations":[{"start":{"line":33,"column":2},"end":{"line":33,"column":64}}]},"6":{"type":"branch","line":36,"loc":{"start":{"line":36,"column":2},"end":{"line":36,"column":65}},"locations":[{"start":{"line":36,"column":2},"end":{"line":36,"column":65}}]},"7":{"type":"branch","line":39,"loc":{"start":{"line":39,"column":2},"end":{"line":39,"column":74}},"locations":[{"start":{"line":39,"column":2},"end":{"line":39,"column":74}}]},"8":{"type":"branch","line":42,"loc":{"start":{"line":42,"column":2},"end":{"line":42,"column":66}},"locations":[{"start":{"line":42,"column":2},"end":{"line":42,"column":66}}]},"9":{"type":"branch","line":45,"loc":{"start":{"line":45,"column":2},"end":{"line":45,"column":81}},"locations":[{"start":{"line":45,"column":2},"end":{"line":45,"column":81}}]},"10":{"type":"branch","line":48,"loc":{"start":{"line":48,"column":2},"end":{"line":48,"column":79}},"locations":[{"start":{"line":48,"column":2},"end":{"line":48,"column":79}}]},"11":{"type":"branch","line":51,"loc":{"start":{"line":51,"column":2},"end":{"line":58,"column":3}},"locations":[{"start":{"line":51,"column":2},"end":{"line":58,"column":3}}]},"12":{"type":"branch","line":54,"loc":{"start":{"line":54,"column":13},"end":{"line":54,"column":50}},"locations":[{"start":{"line":54,"column":13},"end":{"line":54,"column":50}}]},"13":{"type":"branch","line":54,"loc":{"start":{"line":54,"column":50},"end":{"line":56,"column":5}},"locations":[{"start":{"line":54,"column":50},"end":{"line":56,"column":5}}]},"14":{"type":"branch","line":61,"loc":{"start":{"line":61,"column":2},"end":{"line":64,"column":3}},"locations":[{"start":{"line":61,"column":2},"end":{"line":64,"column":3}}]}},"b":{"0":[28],"1":[26],"2":[2],"3":[14],"4":[2],"5":[2],"6":[2],"7":[2],"8":[2],"9":[2],"10":[2],"11":[13],"12":[1],"13":[12],"14":[1]},"fnMap":{"0":{"name":"resolveAddress","decl":{"start":{"line":6,"column":0},"end":{"line":8,"column":1}},"loc":{"start":{"line":6,"column":0},"end":{"line":8,"column":1}},"line":6},"1":{"name":"QuoteBuilder","decl":{"start":{"line":13,"column":2},"end":{"line":27,"column":3}},"loc":{"start":{"line":13,"column":2},"end":{"line":27,"column":3}},"line":13},"2":{"name":"slippage","decl":{"start":{"line":30,"column":2},"end":{"line":30,"column":66}},"loc":{"start":{"line":30,"column":2},"end":{"line":30,"column":66}},"line":30},"3":{"name":"maxHops","decl":{"start":{"line":33,"column":2},"end":{"line":33,"column":64}},"loc":{"start":{"line":33,"column":2},"end":{"line":33,"column":64}},"line":33},"4":{"name":"network","decl":{"start":{"line":36,"column":2},"end":{"line":36,"column":65}},"loc":{"start":{"line":36,"column":2},"end":{"line":36,"column":65}},"line":36},"5":{"name":"priceBase","decl":{"start":{"line":39,"column":2},"end":{"line":39,"column":74}},"loc":{"start":{"line":39,"column":2},"end":{"line":39,"column":74}},"line":39},"6":{"name":"dexs","decl":{"start":{"line":42,"column":2},"end":{"line":42,"column":66}},"loc":{"start":{"line":42,"column":2},"end":{"line":42,"column":66}},"line":42},"7":{"name":"blockNumber","decl":{"start":{"line":45,"column":2},"end":{"line":45,"column":81}},"loc":{"start":{"line":45,"column":2},"end":{"line":45,"column":81}},"line":45},"8":{"name":"rpcUrls","decl":{"start":{"line":48,"column":2},"end":{"line":48,"column":79}},"loc":{"start":{"line":48,"column":2},"end":{"line":48,"column":79}},"line":48},"9":{"name":"get","decl":{"start":{"line":51,"column":2},"end":{"line":58,"column":3}},"loc":{"start":{"line":51,"column":2},"end":{"line":58,"column":3}},"line":51},"10":{"name":"execute","decl":{"start":{"line":61,"column":2},"end":{"line":64,"column":3}},"loc":{"start":{"line":61,"column":2},"end":{"line":64,"column":3}},"line":61}},"f":{"0":28,"1":14,"2":2,"3":2,"4":2,"5":2,"6":2,"7":2,"8":2,"9":13,"10":1}}
,"/home/vanio/local/sdk/nodejs/src/constants.ts": {"path":"/home/vanio/local/sdk/nodejs/src/constants.ts","all":false,"statementMap":{"2":{"start":{"line":3,"column":0},"end":{"line":3,"column":80}},"3":{"start":{"line":4,"column":0},"end":{"line":4,"column":33}},"4":{"start":{"line":5,"column":0},"end":{"line":5,"column":49}},"5":{"start":{"line":6,"column":0},"end":{"line":6,"column":73}},"7":{"start":{"line":8,"column":0},"end":{"line":8,"column":24}},"8":{"start":{"line":9,"column":0},"end":{"line":9,"column":3}},"9":{"start":{"line":10,"column":0},"end":{"line":10,"column":21}},"10":{"start":{"line":11,"column":0},"end":{"line":11,"column":17}},"11":{"start":{"line":12,"column":0},"end":{"line":12,"column":13}},"12":{"start":{"line":13,"column":0},"end":{"line":13,"column":43}},"13":{"start":{"line":14,"column":0},"end":{"line":14,"column":44}},"14":{"start":{"line":15,"column":0},"end":{"line":15,"column":44}},"15":{"start":{"line":16,"column":0},"end":{"line":16,"column":42}},"16":{"start":{"line":17,"column":0},"end":{"line":17,"column":40}},"17":{"start":{"line":18,"column":0},"end":{"line":18,"column":6}},"18":{"start":{"line":19,"column":0},"end":{"line":19,"column":48}},"19":{"start":{"line":20,"column":0},"end":{"line":20,"column":34}},"20":{"start":{"line":21,"column":0},"end":{"line":21,"column":4}},"21":{"start":{"line":22,"column":0},"end":{"line":22,"column":3}},"22":{"start":{"line":23,"column":0},"end":{"line":23,"column":21}},"23":{"start":{"line":24,"column":0},"end":{"line":24,"column":19}},"24":{"start":{"line":25,"column":0},"end":{"line":25,"column":15}},"25":{"start":{"line":26,"column":0},"end":{"line":26,"column":44}},"26":{"start":{"line":27,"column":0},"end":{"line":27,"column":28}},"27":{"start":{"line":28,"column":0},"end":{"line":28,"column":4}},"28":{"start":{"line":29,"column":0},"end":{"line":29,"column":3}},"29":{"start":{"line":30,"column":0},"end":{"line":30,"column":18}},"30":{"start":{"line":31,"column":0},"end":{"line":31,"column":25}},"31":{"start":{"line":32,"column":0},"end":{"line":32,"column":13}},"32":{"start":{"line":33,"column":0},"end":{"line":33,"column":55}},"33":{"start":{"line":34,"column":0},"end":{"line":34,"column":58}},"34":{"start":{"line":35,"column":0},"end":{"line":35,"column":60}},"35":{"start":{"line":36,"column":0},"end":{"line":36,"column":59}},"36":{"start":{"line":37,"column":0},"end":{"line":37,"column":61}},"37":{"start":{"line":38,"column":0},"end":{"line":38,"column":6}},"38":{"start":{"line":39,"column":0},"end":{"line":39,"column":4}},"39":{"start":{"line":40,"column":0},"end":{"line":40,"column":10}},"41":{"start":{"line":42,"column":0},"end":{"line":42,"column":26}},"42":{"start":{"line":43,"column":0},"end":{"line":43,"column":3}},"43":{"start":{"line":44,"column":0},"end":{"line":44,"column":21}},"44":{"start":{"line":45,"column":0},"end":{"line":45,"column":21}},"45":{"start":{"line":46,"column":0},"end":{"line":46,"column":15}},"46":{"start":{"line":47,"column":0},"end":{"line":47,"column":43}},"47":{"start":{"line":48,"column":0},"end":{"line":48,"column":28}},"48":{"start":{"line":49,"column":0},"end":{"line":49,"column":4}},"49":{"start":{"line":50,"column":0},"end":{"line":50,"column":3}},"50":{"start":{"line":51,"column":0},"end":{"line":51,"column":21}},"51":{"start":{"line":52,"column":0},"end":{"line":52,"column":22}},"52":{"start":{"line":53,"column":0},"end":{"line":53,"column":51}},"53":{"start":{"line":54,"column":0},"end":{"line":54,"column":45}},"54":{"start":{"line":55,"column":0},"end":{"line":55,"column":28}},"55":{"start":{"line":56,"column":0},"end":{"line":56,"column":4}},"56":{"start":{"line":57,"column":0},"end":{"line":57,"column":3}},"57":{"start":{"line":58,"column":0},"end":{"line":58,"column":21}},"58":{"start":{"line":59,"column":0},"end":{"line":59,"column":22}},"59":{"start":{"line":60,"column":0},"end":{"line":60,"column":13}},"60":{"start":{"line":61,"column":0},"end":{"line":61,"column":41}},"61":{"start":{"line":62,"column":0},"end":{"line":62,"column":43}},"62":{"start":{"line":63,"column":0},"end":{"line":63,"column":6}},"63":{"start":{"line":64,"column":0},"end":{"line":64,"column":45}},"64":{"start":{"line":65,"column":0},"end":{"line":65,"column":28}},"65":{"start":{"line":66,"column":0},"end":{"line":66,"column":4}},"66":{"start":{"line":67,"column":0},"end":{"line":67,"column":3}},"67":{"start":{"line":68,"column":0},"end":{"line":68,"column":21}},"68":{"start":{"line":69,"column":0},"end":{"line":69,"column":20}},"69":{"start":{"line":70,"column":0},"end":{"line":70,"column":13}},"70":{"start":{"line":71,"column":0},"end":{"line":71,"column":43}},"71":{"start":{"line":72,"column":0},"end":{"line":72,"column":41}},"72":{"start":{"line":73,"column":0},"end":{"line":73,"column":6}},"73":{"start":{"line":74,"column":0},"end":{"line":74,"column":42}},"74":{"start":{"line":75,"column":0},"end":{"line":75,"column":34}},"75":{"start":{"line":76,"column":0},"end":{"line":76,"column":4}},"76":{"start":{"line":77,"column":0},"end":{"line":77,"column":10}}},"s":{"2":1,"3":1,"4":1,"5":1,"7":1,"8":1,"9":1,"10":1,"11":1,"12":1,"13":1,"14":1,"15":1,"16":1,"17":1,"18":1,"19":1,"20":1,"21":1,"22":1,"23":1,"24":1,"25":1,"26":1,"27":1,"28":1,"29":1,"30":1,"31":1,"32":1,"33":1,"34":1,"35":1,"36":1,"37":1,"38":1,"39":1,"41":1,"42":1,"43":1,"44":1,"45":1,"46":1,"47":1,"48":1,"49":1,"50":1,"51":1,"52":1,"53":1,"54":1,"55":1,"56":1,"57":1,"58":1,"59":1,"60":1,"61":1,"62":1,"63":1,"64":1,"65":1,"66":1,"67":1,"68":1,"69":1,"70":1,"71":1,"72":1,"73":1,"74":1,"75":1,"76":1},"branchMap":{},"b":{},"fnMap":{},"f":{}}
,"/home/vanio/local/sdk/nodejs/src/errors.ts": {"path":"/home/vanio/local/sdk/nodejs/src/errors.ts","all":false,"statementMap":{"0":{"start":{"line":1,"column":0},"end":{"line":1,"column":37}},"1":{"start":{"line":2,"column":0},"end":{"line":2,"column":14}},"2":{"start":{"line":3,"column":0},"end":{"line":3,"column":20}},"3":{"start":{"line":4,"column":0},"end":{"line":4,"column":33}},"4":{"start":{"line":5,"column":0},"end":{"line":5,"column":5}},"5":{"start":{"line":6,"column":0},"end":{"line":6,"column":18}},"6":{"start":{"line":7,"column":0},"end":{"line":7,"column":26}},"7":{"start":{"line":8,"column":0},"end":{"line":8,"column":3}},"8":{"start":{"line":9,"column":0},"end":{"line":9,"column":1}},"10":{"start":{"line":11,"column":0},"end":{"line":11,"column":56}},"11":{"start":{"line":12,"column":0},"end":{"line":12,"column":14}},"12":{"start":{"line":13,"column":0},"end":{"line":13,"column":34}},"13":{"start":{"line":14,"column":0},"end":{"line":14,"column":36}},"14":{"start":{"line":15,"column":0},"end":{"line":15,"column":37}},"15":{"start":{"line":16,"column":0},"end":{"line":16,"column":5}},"16":{"start":{"line":17,"column":0},"end":{"line":17,"column":10}},"17":{"start":{"line":18,"column":0},"end":{"line":18,"column":83}},"18":{"start":{"line":19,"column":0},"end":{"line":19,"column":29}},"19":{"start":{"line":20,"column":0},"end":{"line":20,"column":5}},"20":{"start":{"line":21,"column":0},"end":{"line":21,"column":42}},"21":{"start":{"line":22,"column":0},"end":{"line":22,"column":3}},"22":{"start":{"line":23,"column":0},"end":{"line":23,"column":1}},"24":{"start":{"line":25,"column":0},"end":{"line":25,"column":42}},"25":{"start":{"line":26,"column":0},"end":{"line":26,"column":31}},"26":{"start":{"line":27,"column":0},"end":{"line":27,"column":52}},"27":{"start":{"line":28,"column":0},"end":{"line":28,"column":28}},"28":{"start":{"line":29,"column":0},"end":{"line":29,"column":3}},"29":{"start":{"line":30,"column":0},"end":{"line":30,"column":1}},"31":{"start":{"line":32,"column":0},"end":{"line":32,"column":53}},"32":{"start":{"line":33,"column":0},"end":{"line":33,"column":14}},"33":{"start":{"line":34,"column":0},"end":{"line":34,"column":35}},"34":{"start":{"line":35,"column":0},"end":{"line":35,"column":40}},"35":{"start":{"line":36,"column":0},"end":{"line":36,"column":5}},"36":{"start":{"line":37,"column":0},"end":{"line":37,"column":69}},"37":{"start":{"line":38,"column":0},"end":{"line":38,"column":39}},"38":{"start":{"line":39,"column":0},"end":{"line":39,"column":3}},"39":{"start":{"line":40,"column":0},"end":{"line":40,"column":1}},"41":{"start":{"line":42,"column":0},"end":{"line":42,"column":45}},"42":{"start":{"line":43,"column":0},"end":{"line":43,"column":31}},"43":{"start":{"line":44,"column":0},"end":{"line":44,"column":64}},"44":{"start":{"line":45,"column":0},"end":{"line":45,"column":31}},"45":{"start":{"line":46,"column":0},"end":{"line":46,"column":3}},"46":{"start":{"line":47,"column":0},"end":{"line":47,"column":1}},"48":{"start":{"line":49,"column":0},"end":{"line":49,"column":49}},"49":{"start":{"line":50,"column":0},"end":{"line":50,"column":47}},"50":{"start":{"line":51,"column":0},"end":{"line":51,"column":54}},"51":{"start":{"line":52,"column":0},"end":{"line":52,"column":35}},"52":{"start":{"line":53,"column":0},"end":{"line":53,"column":3}},"53":{"start":{"line":54,"column":0},"end":{"line":54,"column":1}},"55":{"start":{"line":56,"column":0},"end":{"line":56,"column":45}},"56":{"start":{"line":57,"column":0},"end":{"line":57,"column":17}},"57":{"start":{"line":58,"column":0},"end":{"line":58,"column":100}},"58":{"start":{"line":59,"column":0},"end":{"line":59,"column":31}},"59":{"start":{"line":60,"column":0},"end":{"line":60,"column":3}},"60":{"start":{"line":61,"column":0},"end":{"line":61,"column":1}}},"s":{"0":1,"1":1,"2":20,"3":20,"4":20,"5":20,"6":20,"7":20,"8":1,"10":1,"11":1,"12":3,"13":3,"14":3,"15":3,"16":3,"17":3,"18":3,"19":3,"20":3,"21":3,"22":1,"24":1,"25":1,"26":7,"27":7,"28":7,"29":1,"31":1,"32":1,"33":2,"34":2,"35":2,"36":2,"37":2,"38":2,"39":1,"41":1,"42":1,"43":5,"44":5,"45":5,"46":1,"48":1,"49":1,"50":1,"51":1,"52":1,"53":1,"55":1,"56":1,"57":1,"58":1,"59":1,"60":1},"branchMap":{"0":{"type":"branch","line":2,"loc":{"start":{"line":2,"column":2},"end":{"line":8,"column":3}},"locations":[{"start":{"line":2,"column":2},"end":{"line":8,"column":3}}]},"1":{"type":"branch","line":12,"loc":{"start":{"line":12,"column":2},"end":{"line":22,"column":3}},"locations":[{"start":{"line":12,"column":2},"end":{"line":22,"column":3}}]},"2":{"type":"branch","line":26,"loc":{"start":{"line":26,"column":2},"end":{"line":29,"column":3}},"locations":[{"start":{"line":26,"column":2},"end":{"line":29,"column":3}}]},"3":{"type":"branch","line":33,"loc":{"start":{"line":33,"column":2},"end":{"line":39,"column":3}},"locations":[{"start":{"line":33,"column":2},"end":{"line":39,"column":3}}]},"4":{"type":"branch","line":43,"loc":{"start":{"line":43,"column":2},"end":{"line":46,"column":3}},"locations":[{"start":{"line":43,"column":2},"end":{"line":46,"column":3}}]},"5":{"type":"branch","line":50,"loc":{"start":{"line":50,"column":2},"end":{"line":53,"column":3}},"locations":[{"start":{"line":50,"column":2},"end":{"line":53,"column":3}}]},"6":{"type":"branch","line":57,"loc":{"start":{"line":57,"column":2},"end":{"line":60,"column":3}},"locations":[{"start":{"line":57,"column":2},"end":{"line":60,"column":3}}]}},"b":{"0":[20],"1":[3],"2":[7],"3":[2],"4":[5],"5":[1],"6":[1]},"fnMap":{"0":{"name":"AfiError","decl":{"start":{"line":2,"column":2},"end":{"line":8,"column":3}},"loc":{"start":{"line":2,"column":2},"end":{"line":8,"column":3}},"line":2},"1":{"name":"InsufficientBalanceError","decl":{"start":{"line":12,"column":2},"end":{"line":22,"column":3}},"loc":{"start":{"line":12,"column":2},"end":{"line":22,"column":3}},"line":12},"2":{"name":"QuoteError","decl":{"start":{"line":26,"column":2},"end":{"line":29,"column":3}},"loc":{"start":{"line":26,"column":2},"end":{"line":29,"column":3}},"line":26},"3":{"name":"SimulationFailedError","decl":{"start":{"line":33,"column":2},"end":{"line":39,"column":3}},"loc":{"start":{"line":33,"column":2},"end":{"line":39,"column":3}},"line":33},"4":{"name":"ApprovalError","decl":{"start":{"line":43,"column":2},"end":{"line":46,"column":3}},"loc":{"start":{"line":43,"column":2},"end":{"line":46,"column":3}},"line":43},"5":{"name":"SwapRevertedError","decl":{"start":{"line":50,"column":2},"end":{"line":53,"column":3}},"loc":{"start":{"line":50,"column":2},"end":{"line":53,"column":3}},"line":50},"6":{"name":"NoSignerError","decl":{"start":{"line":57,"column":2},"end":{"line":60,"column":3}},"loc":{"start":{"line":57,"column":2},"end":{"line":60,"column":3}},"line":57}},"f":{"0":20,"1":3,"2":7,"3":2,"4":5,"5":1,"6":1}}
,"/home/vanio/local/sdk/nodejs/src/info.ts": {"path":"/home/vanio/local/sdk/nodejs/src/info.ts","all":false,"statementMap":{"14":{"start":{"line":15,"column":0},"end":{"line":15,"column":88}},"15":{"start":{"line":16,"column":0},"end":{"line":16,"column":42}},"16":{"start":{"line":17,"column":0},"end":{"line":17,"column":1}},"18":{"start":{"line":19,"column":0},"end":{"line":19,"column":88}},"19":{"start":{"line":20,"column":0},"end":{"line":20,"column":45}},"21":{"start":{"line":22,"column":0},"end":{"line":22,"column":19}},"22":{"start":{"line":23,"column":0},"end":{"line":23,"column":7}},"23":{"start":{"line":24,"column":0},"end":{"line":24,"column":30}},"24":{"start":{"line":25,"column":0},"end":{"line":25,"column":15}},"25":{"start":{"line":26,"column":0},"end":{"line":26,"column":71}},"26":{"start":{"line":27,"column":0},"end":{"line":27,"column":3}},"28":{"start":{"line":29,"column":0},"end":{"line":29,"column":61}},"30":{"start":{"line":31,"column":0},"end":{"line":31,"column":49}},"32":{"start":{"line":33,"column":0},"end":{"line":33,"column":48}},"33":{"start":{"line":34,"column":0},"end":{"line":34,"column":72}},"34":{"start":{"line":35,"column":0},"end":{"line":35,"column":3}},"36":{"start":{"line":37,"column":0},"end":{"line":37,"column":32}},"37":{"start":{"line":38,"column":0},"end":{"line":38,"column":33}},"38":{"start":{"line":39,"column":0},"end":{"line":39,"column":74}},"39":{"start":{"line":40,"column":0},"end":{"line":40,"column":3}},"41":{"start":{"line":42,"column":0},"end":{"line":42,"column":26}},"42":{"start":{"line":43,"column":0},"end":{"line":43,"column":41}},"43":{"start":{"line":44,"column":0},"end":{"line":44,"column":23}},"44":{"start":{"line":45,"column":0},"end":{"line":45,"column":25}},"45":{"start":{"line":46,"column":0},"end":{"line":46,"column":23}},"46":{"start":{"line":47,"column":0},"end":{"line":47,"column":5}},"47":{"start":{"line":48,"column":0},"end":{"line":48,"column":1}}},"s":{"14":7,"15":7,"16":7,"18":8,"19":8,"21":8,"22":8,"23":8,"24":8,"25":1,"26":1,"28":8,"30":6,"32":8,"33":1,"34":1,"36":5,"37":8,"38":1,"39":1,"41":4,"42":12,"43":12,"44":12,"45":12,"46":4,"47":4},"branchMap":{"0":{"type":"branch","line":15,"loc":{"start":{"line":15,"column":0},"end":{"line":17,"column":1}},"locations":[{"start":{"line":15,"column":0},"end":{"line":17,"column":1}}]},"1":{"type":"branch","line":19,"loc":{"start":{"line":19,"column":0},"end":{"line":48,"column":1}},"locations":[{"start":{"line":19,"column":0},"end":{"line":48,"column":1}}]},"2":{"type":"branch","line":24,"loc":{"start":{"line":24,"column":29},"end":{"line":25,"column":11}},"locations":[{"start":{"line":24,"column":29},"end":{"line":25,"column":11}}]},"3":{"type":"branch","line":25,"loc":{"start":{"line":25,"column":2},"end":{"line":27,"column":3}},"locations":[{"start":{"line":25,"column":2},"end":{"line":27,"column":3}}]},"4":{"type":"branch","line":27,"loc":{"start":{"line":27,"column":2},"end":{"line":29,"column":21}},"locations":[{"start":{"line":27,"column":2},"end":{"line":29,"column":21}}]},"5":{"type":"branch","line":29,"loc":{"start":{"line":29,"column":15},"end":{"line":29,"column":61}},"locations":[{"start":{"line":29,"column":15},"end":{"line":29,"column":61}}]},"6":{"type":"branch","line":29,"loc":{"start":{"line":29,"column":60},"end":{"line":33,"column":35}},"locations":[{"start":{"line":29,"column":60},"end":{"line":33,"column":35}}]},"7":{"type":"branch","line":33,"loc":{"start":{"line":33,"column":22},"end":{"line":33,"column":47}},"locations":[{"start":{"line":33,"column":22},"end":{"line":33,"column":47}}]},"8":{"type":"branch","line":33,"loc":{"start":{"line":33,"column":47},"end":{"line":35,"column":3}},"locations":[{"start":{"line":33,"column":47},"end":{"line":35,"column":3}}]},"9":{"type":"branch","line":35,"loc":{"start":{"line":35,"column":2},"end":{"line":38,"column":14}},"locations":[{"start":{"line":35,"column":2},"end":{"line":38,"column":14}}]},"10":{"type":"branch","line":38,"loc":{"start":{"line":38,"column":7},"end":{"line":38,"column":32}},"locations":[{"start":{"line":38,"column":7},"end":{"line":38,"column":32}}]},"11":{"type":"branch","line":38,"loc":{"start":{"line":38,"column":32},"end":{"line":40,"column":3}},"locations":[{"start":{"line":38,"column":32},"end":{"line":40,"column":3}}]},"12":{"type":"branch","line":40,"loc":{"start":{"line":40,"column":2},"end":{"line":48,"column":1}},"locations":[{"start":{"line":40,"column":2},"end":{"line":48,"column":1}}]},"13":{"type":"branch","line":42,"loc":{"start":{"line":42,"column":17},"end":{"line":47,"column":4}},"locations":[{"start":{"line":42,"column":17},"end":{"line":47,"column":4}}]}},"b":{"0":[7],"1":[8],"2":[7],"3":[1],"4":[7],"5":[1],"6":[6],"7":[5],"8":[1],"9":[5],"10":[4],"11":[1],"12":[4],"13":[12]},"fnMap":{"0":{"name":"fetchTokens","decl":{"start":{"line":15,"column":0},"end":{"line":17,"column":1}},"loc":{"start":{"line":15,"column":0},"end":{"line":17,"column":1}},"line":15},"1":{"name":"fetchTokensFrom","decl":{"start":{"line":19,"column":0},"end":{"line":48,"column":1}},"loc":{"start":{"line":19,"column":0},"end":{"line":48,"column":1}},"line":19}},"f":{"0":7,"1":8}}
,"/home/vanio/local/sdk/nodejs/src/quoter.ts": {"path":"/home/vanio/local/sdk/nodejs/src/quoter.ts","all":false,"statementMap":{"0":{"start":{"line":1,"column":0},"end":{"line":1,"column":40}},"59":{"start":{"line":60,"column":0},"end":{"line":60,"column":33}},"60":{"start":{"line":61,"column":0},"end":{"line":61,"column":23}},"61":{"start":{"line":62,"column":0},"end":{"line":62,"column":17}},"62":{"start":{"line":63,"column":0},"end":{"line":63,"column":20}},"63":{"start":{"line":64,"column":0},"end":{"line":64,"column":19}},"64":{"start":{"line":65,"column":0},"end":{"line":65,"column":41}},"65":{"start":{"line":66,"column":0},"end":{"line":66,"column":29}},"66":{"start":{"line":67,"column":0},"end":{"line":67,"column":29}},"67":{"start":{"line":68,"column":0},"end":{"line":68,"column":30}},"68":{"start":{"line":69,"column":0},"end":{"line":69,"column":30}},"69":{"start":{"line":70,"column":0},"end":{"line":70,"column":30}},"70":{"start":{"line":71,"column":0},"end":{"line":71,"column":29}},"71":{"start":{"line":72,"column":0},"end":{"line":72,"column":19}},"72":{"start":{"line":73,"column":0},"end":{"line":73,"column":3}},"74":{"start":{"line":75,"column":0},"end":{"line":75,"column":52}},"75":{"start":{"line":76,"column":0},"end":{"line":76,"column":33}},"76":{"start":{"line":77,"column":0},"end":{"line":77,"column":3}},"77":{"start":{"line":78,"column":0},"end":{"line":78,"column":39}},"78":{"start":{"line":79,"column":0},"end":{"line":79,"column":37}},"79":{"start":{"line":80,"column":0},"end":{"line":80,"column":3}},"80":{"start":{"line":81,"column":0},"end":{"line":81,"column":46}},"81":{"start":{"line":82,"column":0},"end":{"line":82,"column":27}},"82":{"start":{"line":83,"column":0},"end":{"line":83,"column":3}},"83":{"start":{"line":84,"column":0},"end":{"line":84,"column":41}},"84":{"start":{"line":85,"column":0},"end":{"line":85,"column":41}},"85":{"start":{"line":86,"column":0},"end":{"line":86,"column":3}},"87":{"start":{"line":88,"column":0},"end":{"line":88,"column":19}},"88":{"start":{"line":89,"column":0},"end":{"line":89,"column":7}},"89":{"start":{"line":90,"column":0},"end":{"line":90,"column":34}},"90":{"start":{"line":91,"column":0},"end":{"line":91,"column":22}},"91":{"start":{"line":92,"column":0},"end":{"line":92,"column":54}},"92":{"start":{"line":93,"column":0},"end":{"line":93,"column":36}},"93":{"start":{"line":94,"column":0},"end":{"line":94,"column":6}},"94":{"start":{"line":95,"column":0},"end":{"line":95,"column":15}},"95":{"start":{"line":96,"column":0},"end":{"line":96,"column":66}},"96":{"start":{"line":97,"column":0},"end":{"line":97,"column":3}},"98":{"start":{"line":99,"column":0},"end":{"line":99,"column":16}},"99":{"start":{"line":100,"column":0},"end":{"line":100,"column":46}},"100":{"start":{"line":101,"column":0},"end":{"line":101,"column":3}},"102":{"start":{"line":103,"column":0},"end":{"line":103,"column":54}},"104":{"start":{"line":105,"column":0},"end":{"line":105,"column":81}},"105":{"start":{"line":106,"column":0},"end":{"line":106,"column":15}},"106":{"start":{"line":107,"column":0},"end":{"line":107,"column":21}},"107":{"start":{"line":108,"column":0},"end":{"line":108,"column":64}},"108":{"start":{"line":109,"column":0},"end":{"line":109,"column":33}},"109":{"start":{"line":110,"column":0},"end":{"line":110,"column":29}},"110":{"start":{"line":111,"column":0},"end":{"line":111,"column":3}},"112":{"start":{"line":113,"column":0},"end":{"line":113,"column":21}},"114":{"start":{"line":115,"column":0},"end":{"line":115,"column":44}},"115":{"start":{"line":116,"column":0},"end":{"line":116,"column":70}},"116":{"start":{"line":117,"column":0},"end":{"line":117,"column":3}},"118":{"start":{"line":119,"column":0},"end":{"line":119,"column":50}},"119":{"start":{"line":120,"column":0},"end":{"line":120,"column":40}},"120":{"start":{"line":121,"column":0},"end":{"line":121,"column":41}},"121":{"start":{"line":122,"column":0},"end":{"line":122,"column":30}},"122":{"start":{"line":123,"column":0},"end":{"line":123,"column":31}},"123":{"start":{"line":124,"column":0},"end":{"line":124,"column":28}},"124":{"start":{"line":125,"column":0},"end":{"line":125,"column":41}},"125":{"start":{"line":126,"column":0},"end":{"line":126,"column":42}},"126":{"start":{"line":127,"column":0},"end":{"line":127,"column":39}},"127":{"start":{"line":128,"column":0},"end":{"line":128,"column":34}},"128":{"start":{"line":129,"column":0},"end":{"line":129,"column":35}},"129":{"start":{"line":130,"column":0},"end":{"line":130,"column":30}},"130":{"start":{"line":131,"column":0},"end":{"line":131,"column":26}},"131":{"start":{"line":132,"column":0},"end":{"line":132,"column":26}},"132":{"start":{"line":133,"column":0},"end":{"line":133,"column":29}},"133":{"start":{"line":134,"column":0},"end":{"line":134,"column":28}},"134":{"start":{"line":135,"column":0},"end":{"line":135,"column":5}},"136":{"start":{"line":137,"column":0},"end":{"line":137,"column":24}},"137":{"start":{"line":138,"column":0},"end":{"line":138,"column":40}},"138":{"start":{"line":139,"column":0},"end":{"line":139,"column":41}},"139":{"start":{"line":140,"column":0},"end":{"line":140,"column":30}},"140":{"start":{"line":141,"column":0},"end":{"line":141,"column":31}},"141":{"start":{"line":142,"column":0},"end":{"line":142,"column":28}},"142":{"start":{"line":143,"column":0},"end":{"line":143,"column":41}},"143":{"start":{"line":144,"column":0},"end":{"line":144,"column":42}},"144":{"start":{"line":145,"column":0},"end":{"line":145,"column":39}},"145":{"start":{"line":146,"column":0},"end":{"line":146,"column":34}},"146":{"start":{"line":147,"column":0},"end":{"line":147,"column":39}},"147":{"start":{"line":148,"column":0},"end":{"line":148,"column":9}},"148":{"start":{"line":149,"column":0},"end":{"line":149,"column":30}},"149":{"start":{"line":150,"column":0},"end":{"line":150,"column":11}},"150":{"start":{"line":151,"column":0},"end":{"line":151,"column":34}},"151":{"start":{"line":152,"column":0},"end":{"line":152,"column":35}},"152":{"start":{"line":153,"column":0},"end":{"line":153,"column":3}},"154":{"start":{"line":155,"column":0},"end":{"line":155,"column":85}},"155":{"start":{"line":156,"column":0},"end":{"line":156,"column":86}},"157":{"start":{"line":158,"column":0},"end":{"line":158,"column":14}},"158":{"start":{"line":159,"column":0},"end":{"line":159,"column":1}}},"s":{"0":1,"59":15,"60":15,"61":15,"62":15,"63":15,"64":15,"65":15,"66":15,"67":15,"68":15,"69":15,"70":15,"71":15,"72":15,"74":15,"75":15,"76":15,"77":15,"78":1,"79":1,"80":15,"81":1,"82":1,"83":15,"84":0,"85":0,"87":15,"88":15,"89":15,"90":15,"91":15,"92":15,"93":15,"94":15,"95":1,"96":1,"98":15,"99":1,"100":1,"102":13,"104":15,"105":3,"106":3,"107":2,"108":1,"109":3,"110":3,"112":10,"114":15,"115":1,"116":1,"118":15,"119":9,"120":9,"121":9,"122":9,"123":9,"124":9,"125":9,"126":9,"127":9,"128":9,"129":9,"130":9,"131":9,"132":9,"133":9,"134":15,"136":15,"137":15,"138":15,"139":15,"140":15,"141":15,"142":15,"143":15,"144":15,"145":15,"146":15,"147":15,"148":15,"149":15,"150":15,"151":15,"152":15,"154":15,"155":15,"157":9,"158":9},"branchMap":{"0":{"type":"branch","line":60,"loc":{"start":{"line":60,"column":0},"end":{"line":159,"column":1}},"locations":[{"start":{"line":60,"column":0},"end":{"line":159,"column":1}}]},"1":{"type":"branch","line":78,"loc":{"start":{"line":78,"column":38},"end":{"line":80,"column":3}},"locations":[{"start":{"line":78,"column":38},"end":{"line":80,"column":3}}]},"2":{"type":"branch","line":81,"loc":{"start":{"line":81,"column":13},"end":{"line":81,"column":45}},"locations":[{"start":{"line":81,"column":13},"end":{"line":81,"column":45}}]},"3":{"type":"branch","line":81,"loc":{"start":{"line":81,"column":45},"end":{"line":83,"column":3}},"locations":[{"start":{"line":81,"column":45},"end":{"line":83,"column":3}}]},"4":{"type":"branch","line":84,"loc":{"start":{"line":84,"column":40},"end":{"line":86,"column":3}},"locations":[{"start":{"line":84,"column":40},"end":{"line":86,"column":3}}]},"5":{"type":"branch","line":94,"loc":{"start":{"line":94,"column":5},"end":{"line":95,"column":11}},"locations":[{"start":{"line":94,"column":5},"end":{"line":95,"column":11}}]},"6":{"type":"branch","line":95,"loc":{"start":{"line":95,"column":2},"end":{"line":97,"column":3}},"locations":[{"start":{"line":95,"column":2},"end":{"line":97,"column":3}}]},"7":{"type":"branch","line":97,"loc":{"start":{"line":97,"column":2},"end":{"line":99,"column":15}},"locations":[{"start":{"line":97,"column":2},"end":{"line":99,"column":15}}]},"8":{"type":"branch","line":99,"loc":{"start":{"line":99,"column":15},"end":{"line":101,"column":3}},"locations":[{"start":{"line":99,"column":15},"end":{"line":101,"column":3}}]},"9":{"type":"branch","line":101,"loc":{"start":{"line":101,"column":2},"end":{"line":105,"column":35}},"locations":[{"start":{"line":101,"column":2},"end":{"line":105,"column":35}}]},"10":{"type":"branch","line":105,"loc":{"start":{"line":105,"column":22},"end":{"line":105,"column":49}},"locations":[{"start":{"line":105,"column":22},"end":{"line":105,"column":49}}]},"11":{"type":"branch","line":105,"loc":{"start":{"line":105,"column":41},"end":{"line":105,"column":80}},"locations":[{"start":{"line":105,"column":41},"end":{"line":105,"column":80}}]},"12":{"type":"branch","line":105,"loc":{"start":{"line":105,"column":80},"end":{"line":111,"column":3}},"locations":[{"start":{"line":105,"column":80},"end":{"line":111,"column":3}}]},"13":{"type":"branch","line":107,"loc":{"start":{"line":107,"column":11},"end":{"line":108,"column":64}},"locations":[{"start":{"line":107,"column":11},"end":{"line":108,"column":64}}]},"14":{"type":"branch","line":108,"loc":{"start":{"line":108,"column":28},"end":{"line":108,"column":51}},"locations":[{"start":{"line":108,"column":28},"end":{"line":108,"column":51}}]},"15":{"type":"branch","line":108,"loc":{"start":{"line":108,"column":44},"end":{"line":108,"column":64}},"locations":[{"start":{"line":108,"column":44},"end":{"line":108,"column":64}}]},"16":{"type":"branch","line":108,"loc":{"start":{"line":108,"column":51},"end":{"line":109,"column":33}},"locations":[{"start":{"line":108,"column":51},"end":{"line":109,"column":33}}]},"17":{"type":"branch","line":111,"loc":{"start":{"line":111,"column":2},"end":{"line":115,"column":43}},"locations":[{"start":{"line":111,"column":2},"end":{"line":115,"column":43}}]},"18":{"type":"branch","line":115,"loc":{"start":{"line":115,"column":43},"end":{"line":117,"column":3}},"locations":[{"start":{"line":115,"column":43},"end":{"line":117,"column":3}}]},"19":{"type":"branch","line":117,"loc":{"start":{"line":117,"column":2},"end":{"line":119,"column":33}},"locations":[{"start":{"line":117,"column":2},"end":{"line":119,"column":33}}]},"20":{"type":"branch","line":119,"loc":{"start":{"line":119,"column":25},"end":{"line":119,"column":37}},"locations":[{"start":{"line":119,"column":25},"end":{"line":119,"column":37}}]},"21":{"type":"branch","line":155,"loc":{"start":{"line":155,"column":41},"end":{"line":155,"column":85}},"locations":[{"start":{"line":155,"column":41},"end":{"line":155,"column":85}}]},"22":{"type":"branch","line":155,"loc":{"start":{"line":155,"column":69},"end":{"line":156,"column":47}},"locations":[{"start":{"line":155,"column":69},"end":{"line":156,"column":47}}]},"23":{"type":"branch","line":156,"loc":{"start":{"line":156,"column":41},"end":{"line":156,"column":86}},"locations":[{"start":{"line":156,"column":41},"end":{"line":156,"column":86}}]},"24":{"type":"branch","line":156,"loc":{"start":{"line":156,"column":69},"end":{"line":159,"column":1}},"locations":[{"start":{"line":156,"column":69},"end":{"line":159,"column":1}}]},"25":{"type":"branch","line":119,"loc":{"start":{"line":119,"column":41},"end":{"line":135,"column":4}},"locations":[{"start":{"line":119,"column":41},"end":{"line":135,"column":4}}]}},"b":{"0":[15],"1":[1],"2":[1],"3":[1],"4":[0],"5":[14],"6":[1],"7":[14],"8":[1],"9":[13],"10":[10],"11":[10],"12":[3],"13":[2],"14":[1],"15":[1],"16":[1],"17":[10],"18":[1],"19":[9],"20":[0],"21":[1],"22":[9],"23":[1],"24":[9],"25":[9]},"fnMap":{"0":{"name":"fetchQuote","decl":{"start":{"line":60,"column":0},"end":{"line":159,"column":1}},"loc":{"start":{"line":60,"column":0},"end":{"line":159,"column":1}},"line":60}},"f":{"0":15}}
,"/home/vanio/local/sdk/nodejs/src/token.ts": {"path":"/home/vanio/local/sdk/nodejs/src/token.ts","all":false,"statementMap":{"0":{"start":{"line":1,"column":0},"end":{"line":1,"column":74}},"9":{"start":{"line":10,"column":0},"end":{"line":10,"column":94}},"10":{"start":{"line":11,"column":0},"end":{"line":11,"column":90}},"11":{"start":{"line":12,"column":0},"end":{"line":12,"column":1}},"13":{"start":{"line":14,"column":0},"end":{"line":14,"column":33}},"14":{"start":{"line":15,"column":0},"end":{"line":15,"column":17}},"15":{"start":{"line":16,"column":0},"end":{"line":16,"column":17}},"16":{"start":{"line":17,"column":0},"end":{"line":17,"column":27}},"17":{"start":{"line":18,"column":0},"end":{"line":18,"column":20}},"18":{"start":{"line":19,"column":0},"end":{"line":19,"column":30}},"19":{"start":{"line":20,"column":0},"end":{"line":20,"column":19}},"20":{"start":{"line":21,"column":0},"end":{"line":21,"column":19}},"21":{"start":{"line":22,"column":0},"end":{"line":22,"column":30}},"22":{"start":{"line":23,"column":0},"end":{"line":23,"column":18}},"23":{"start":{"line":24,"column":0},"end":{"line":24,"column":4}},"24":{"start":{"line":25,"column":0},"end":{"line":25,"column":1}},"26":{"start":{"line":27,"column":0},"end":{"line":27,"column":35}},"27":{"start":{"line":28,"column":0},"end":{"line":28,"column":17}},"28":{"start":{"line":29,"column":0},"end":{"line":29,"column":17}},"29":{"start":{"line":30,"column":0},"end":{"line":30,"column":27}},"30":{"start":{"line":31,"column":0},"end":{"line":31,"column":20}},"31":{"start":{"line":32,"column":0},"end":{"line":32,"column":30}},"32":{"start":{"line":33,"column":0},"end":{"line":33,"column":19}},"33":{"start":{"line":34,"column":0},"end":{"line":34,"column":19}},"34":{"start":{"line":35,"column":0},"end":{"line":35,"column":30}},"35":{"start":{"line":36,"column":0},"end":{"line":36,"column":31}},"36":{"start":{"line":37,"column":0},"end":{"line":37,"column":4}},"37":{"start":{"line":38,"column":0},"end":{"line":38,"column":1}},"39":{"start":{"line":40,"column":0},"end":{"line":40,"column":46}},"40":{"start":{"line":41,"column":0},"end":{"line":41,"column":17}},"41":{"start":{"line":42,"column":0},"end":{"line":42,"column":17}},"42":{"start":{"line":43,"column":0},"end":{"line":43,"column":19}},"43":{"start":{"line":44,"column":0},"end":{"line":44,"column":27}},"44":{"start":{"line":45,"column":0},"end":{"line":45,"column":18}},"45":{"start":{"line":46,"column":0},"end":{"line":46,"column":56}},"46":{"start":{"line":47,"column":0},"end":{"line":47,"column":86}},"47":{"start":{"line":48,"column":0},"end":{"line":48,"column":1}},"53":{"start":{"line":54,"column":0},"end":{"line":54,"column":42}},"54":{"start":{"line":55,"column":0},"end":{"line":55,"column":17}},"55":{"start":{"line":56,"column":0},"end":{"line":56,"column":17}},"56":{"start":{"line":57,"column":0},"end":{"line":57,"column":17}},"57":{"start":{"line":58,"column":0},"end":{"line":58,"column":33}},"58":{"start":{"line":59,"column":0},"end":{"line":59,"column":33}},"59":{"start":{"line":60,"column":0},"end":{"line":60,"column":27}},"60":{"start":{"line":61,"column":0},"end":{"line":61,"column":64}},"61":{"start":{"line":62,"column":0},"end":{"line":62,"column":36}},"64":{"start":{"line":65,"column":0},"end":{"line":65,"column":21}},"65":{"start":{"line":66,"column":0},"end":{"line":66,"column":9}},"66":{"start":{"line":67,"column":0},"end":{"line":67,"column":58}},"67":{"start":{"line":68,"column":0},"end":{"line":68,"column":23}},"68":{"start":{"line":69,"column":0},"end":{"line":69,"column":23}},"69":{"start":{"line":70,"column":0},"end":{"line":70,"column":32}},"70":{"start":{"line":71,"column":0},"end":{"line":71,"column":32}},"71":{"start":{"line":72,"column":0},"end":{"line":72,"column":8}},"72":{"start":{"line":73,"column":0},"end":{"line":73,"column":71}},"73":{"start":{"line":74,"column":0},"end":{"line":74,"column":13}},"75":{"start":{"line":76,"column":0},"end":{"line":76,"column":5}},"76":{"start":{"line":77,"column":0},"end":{"line":77,"column":3}},"78":{"start":{"line":79,"column":0},"end":{"line":79,"column":25}},"79":{"start":{"line":80,"column":0},"end":{"line":80,"column":7}},"80":{"start":{"line":81,"column":0},"end":{"line":81,"column":45}},"81":{"start":{"line":82,"column":0},"end":{"line":82,"column":21}},"82":{"start":{"line":83,"column":0},"end":{"line":83,"column":21}},"83":{"start":{"line":84,"column":0},"end":{"line":84,"column":30}},"84":{"start":{"line":85,"column":0},"end":{"line":85,"column":34}},"85":{"start":{"line":86,"column":0},"end":{"line":86,"column":6}},"86":{"start":{"line":87,"column":0},"end":{"line":87,"column":15}},"87":{"start":{"line":88,"column":0},"end":{"line":88,"column":49}},"88":{"start":{"line":89,"column":0},"end":{"line":89,"column":3}},"90":{"start":{"line":91,"column":0},"end":{"line":91,"column":56}},"93":{"start":{"line":94,"column":0},"end":{"line":94,"column":66}},"94":{"start":{"line":95,"column":0},"end":{"line":95,"column":27}},"95":{"start":{"line":96,"column":0},"end":{"line":96,"column":82}},"96":{"start":{"line":97,"column":0},"end":{"line":97,"column":3}},"98":{"start":{"line":99,"column":0},"end":{"line":99,"column":13}},"99":{"start":{"line":100,"column":0},"end":{"line":100,"column":1}},"106":{"start":{"line":107,"column":0},"end":{"line":107,"column":37}},"107":{"start":{"line":108,"column":0},"end":{"line":108,"column":17}},"108":{"start":{"line":109,"column":0},"end":{"line":109,"column":17}},"109":{"start":{"line":110,"column":0},"end":{"line":110,"column":17}},"110":{"start":{"line":111,"column":0},"end":{"line":111,"column":33}},"111":{"start":{"line":112,"column":0},"end":{"line":112,"column":33}},"112":{"start":{"line":113,"column":0},"end":{"line":113,"column":30}},"113":{"start":{"line":114,"column":0},"end":{"line":114,"column":64}},"114":{"start":{"line":115,"column":0},"end":{"line":115,"column":36}},"116":{"start":{"line":117,"column":0},"end":{"line":117,"column":21}},"117":{"start":{"line":118,"column":0},"end":{"line":118,"column":9}},"118":{"start":{"line":119,"column":0},"end":{"line":119,"column":58}},"119":{"start":{"line":120,"column":0},"end":{"line":120,"column":23}},"120":{"start":{"line":121,"column":0},"end":{"line":121,"column":23}},"121":{"start":{"line":122,"column":0},"end":{"line":122,"column":32}},"122":{"start":{"line":123,"column":0},"end":{"line":123,"column":32}},"123":{"start":{"line":124,"column":0},"end":{"line":124,"column":8}},"124":{"start":{"line":125,"column":0},"end":{"line":125,"column":71}},"125":{"start":{"line":126,"column":0},"end":{"line":126,"column":49}},"126":{"start":{"line":127,"column":0},"end":{"line":127,"column":3}},"128":{"start":{"line":129,"column":0},"end":{"line":129,"column":25}},"129":{"start":{"line":130,"column":0},"end":{"line":130,"column":7}},"130":{"start":{"line":131,"column":0},"end":{"line":131,"column":45}},"131":{"start":{"line":132,"column":0},"end":{"line":132,"column":21}},"132":{"start":{"line":133,"column":0},"end":{"line":133,"column":21}},"133":{"start":{"line":134,"column":0},"end":{"line":134,"column":30}},"134":{"start":{"line":135,"column":0},"end":{"line":135,"column":34}},"135":{"start":{"line":136,"column":0},"end":{"line":136,"column":6}},"136":{"start":{"line":137,"column":0},"end":{"line":137,"column":15}},"137":{"start":{"line":138,"column":0},"end":{"line":138,"column":49}},"138":{"start":{"line":139,"column":0},"end":{"line":139,"column":3}},"140":{"start":{"line":141,"column":0},"end":{"line":141,"column":10}},"141":{"start":{"line":142,"column":0},"end":{"line":142,"column":17}},"142":{"start":{"line":143,"column":0},"end":{"line":143,"column":43}},"143":{"start":{"line":144,"column":0},"end":{"line":144,"column":76}},"144":{"start":{"line":145,"column":0},"end":{"line":145,"column":70}},"145":{"start":{"line":146,"column":0},"end":{"line":146,"column":108}},"146":{"start":{"line":147,"column":0},"end":{"line":147,"column":75}},"147":{"start":{"line":148,"column":0},"end":{"line":148,"column":6}},"148":{"start":{"line":149,"column":0},"end":{"line":149,"column":3}},"149":{"start":{"line":150,"column":0},"end":{"line":150,"column":1}}},"s":{"0":1,"9":1,"10":1,"11":1,"13":4,"14":4,"15":4,"16":4,"17":4,"18":4,"19":4,"20":4,"21":4,"22":4,"23":4,"24":4,"26":21,"27":21,"28":21,"29":21,"30":21,"31":21,"32":21,"33":21,"34":21,"35":21,"36":21,"37":21,"39":3,"40":3,"41":3,"42":3,"43":3,"44":3,"45":3,"46":3,"47":3,"53":6,"54":6,"55":6,"56":6,"57":6,"58":6,"59":6,"60":6,"61":6,"64":6,"65":2,"66":2,"67":2,"68":2,"69":2,"70":2,"71":2,"72":1,"73":1,"75":1,"76":2,"78":5,"79":5,"80":5,"81":5,"82":5,"83":5,"84":5,"85":5,"86":6,"87":1,"88":1,"90":4,"93":4,"94":6,"95":1,"96":1,"98":3,"99":3,"106":7,"107":7,"108":7,"109":7,"110":7,"111":7,"112":7,"113":7,"114":7,"116":7,"117":2,"118":2,"119":2,"120":2,"121":2,"122":2,"123":2,"124":1,"125":1,"126":2,"128":6,"129":6,"130":6,"131":6,"132":6,"133":6,"134":6,"135":6,"136":7,"137":1,"138":1,"140":5,"141":5,"142":5,"143":3,"144":3,"145":3,"146":2,"147":3,"148":5,"149":5},"branchMap":{"0":{"type":"branch","line":10,"loc":{"start":{"line":10,"column":0},"end":{"line":12,"column":1}},"locations":[{"start":{"line":10,"column":0},"end":{"line":12,"column":1}}]},"1":{"type":"branch","line":14,"loc":{"start":{"line":14,"column":0},"end":{"line":25,"column":1}},"locations":[{"start":{"line":14,"column":0},"end":{"line":25,"column":1}}]},"2":{"type":"branch","line":27,"loc":{"start":{"line":27,"column":0},"end":{"line":38,"column":1}},"locations":[{"start":{"line":27,"column":0},"end":{"line":38,"column":1}}]},"3":{"type":"branch","line":40,"loc":{"start":{"line":40,"column":0},"end":{"line":48,"column":1}},"locations":[{"start":{"line":40,"column":0},"end":{"line":48,"column":1}}]},"4":{"type":"branch","line":47,"loc":{"start":{"line":47,"column":26},"end":{"line":47,"column":86}},"locations":[{"start":{"line":47,"column":26},"end":{"line":47,"column":86}}]},"5":{"type":"branch","line":54,"loc":{"start":{"line":54,"column":0},"end":{"line":100,"column":1}},"locations":[{"start":{"line":54,"column":0},"end":{"line":100,"column":1}}]},"6":{"type":"branch","line":62,"loc":{"start":{"line":62,"column":25},"end":{"line":62,"column":36}},"locations":[{"start":{"line":62,"column":25},"end":{"line":62,"column":36}}]},"7":{"type":"branch","line":62,"loc":{"start":{"line":62,"column":32},"end":{"line":65,"column":20}},"locations":[{"start":{"line":62,"column":32},"end":{"line":65,"column":20}}]},"8":{"type":"branch","line":65,"loc":{"start":{"line":65,"column":20},"end":{"line":77,"column":3}},"locations":[{"start":{"line":65,"column":20},"end":{"line":77,"column":3}}]},"9":{"type":"branch","line":72,"loc":{"start":{"line":72,"column":7},"end":{"line":76,"column":5}},"locations":[{"start":{"line":72,"column":7},"end":{"line":76,"column":5}}]},"10":{"type":"branch","line":77,"loc":{"start":{"line":77,"column":2},"end":{"line":86,"column":6}},"locations":[{"start":{"line":77,"column":2},"end":{"line":86,"column":6}}]},"11":{"type":"branch","line":86,"loc":{"start":{"line":86,"column":5},"end":{"line":87,"column":11}},"locations":[{"start":{"line":86,"column":5},"end":{"line":87,"column":11}}]},"12":{"type":"branch","line":87,"loc":{"start":{"line":87,"column":2},"end":{"line":89,"column":3}},"locations":[{"start":{"line":87,"column":2},"end":{"line":89,"column":3}}]},"13":{"type":"branch","line":89,"loc":{"start":{"line":89,"column":2},"end":{"line":95,"column":26}},"locations":[{"start":{"line":89,"column":2},"end":{"line":95,"column":26}}]},"14":{"type":"branch","line":95,"loc":{"start":{"line":95,"column":26},"end":{"line":97,"column":3}},"locations":[{"start":{"line":95,"column":26},"end":{"line":97,"column":3}}]},"15":{"type":"branch","line":97,"loc":{"start":{"line":97,"column":2},"end":{"line":100,"column":1}},"locations":[{"start":{"line":97,"column":2},"end":{"line":100,"column":1}}]},"16":{"type":"branch","line":107,"loc":{"start":{"line":107,"column":0},"end":{"line":150,"column":1}},"locations":[{"start":{"line":107,"column":0},"end":{"line":150,"column":1}}]},"17":{"type":"branch","line":115,"loc":{"start":{"line":115,"column":25},"end":{"line":115,"column":36}},"locations":[{"start":{"line":115,"column":25},"end":{"line":115,"column":36}}]},"18":{"type":"branch","line":115,"loc":{"start":{"line":115,"column":32},"end":{"line":117,"column":20}},"locations":[{"start":{"line":115,"column":32},"end":{"line":117,"column":20}}]},"19":{"type":"branch","line":117,"loc":{"start":{"line":117,"column":20},"end":{"line":127,"column":3}},"locations":[{"start":{"line":117,"column":20},"end":{"line":127,"column":3}}]},"20":{"type":"branch","line":124,"loc":{"start":{"line":124,"column":7},"end":{"line":126,"column":49}},"locations":[{"start":{"line":124,"column":7},"end":{"line":126,"column":49}}]},"21":{"type":"branch","line":127,"loc":{"start":{"line":127,"column":2},"end":{"line":136,"column":6}},"locations":[{"start":{"line":127,"column":2},"end":{"line":136,"column":6}}]},"22":{"type":"branch","line":136,"loc":{"start":{"line":136,"column":5},"end":{"line":137,"column":11}},"locations":[{"start":{"line":136,"column":5},"end":{"line":137,"column":11}}]},"23":{"type":"branch","line":137,"loc":{"start":{"line":137,"column":2},"end":{"line":139,"column":3}},"locations":[{"start":{"line":137,"column":2},"end":{"line":139,"column":3}}]},"24":{"type":"branch","line":139,"loc":{"start":{"line":139,"column":2},"end":{"line":150,"column":1}},"locations":[{"start":{"line":139,"column":2},"end":{"line":150,"column":1}}]},"25":{"type":"branch","line":143,"loc":{"start":{"line":143,"column":10},"end":{"line":148,"column":6}},"locations":[{"start":{"line":143,"column":10},"end":{"line":148,"column":6}}]},"26":{"type":"branch","line":146,"loc":{"start":{"line":146,"column":30},"end":{"line":146,"column":108}},"locations":[{"start":{"line":146,"column":30},"end":{"line":146,"column":108}}]},"27":{"type":"branch","line":146,"loc":{"start":{"line":146,"column":107},"end":{"line":147,"column":75}},"locations":[{"start":{"line":146,"column":107},"end":{"line":147,"column":75}}]}},"b":{"0":[1],"1":[4],"2":[21],"3":[3],"4":[2],"5":[6],"6":[1],"7":[5],"8":[2],"9":[1],"10":[5],"11":[4],"12":[1],"13":[4],"14":[1],"15":[3],"16":[7],"17":[1],"18":[6],"19":[2],"20":[1],"21":[6],"22":[5],"23":[1],"24":[5],"25":[3],"26":[1],"27":[2]},"fnMap":{"0":{"name":"getDecimals","decl":{"start":{"line":10,"column":0},"end":{"line":12,"column":1}},"loc":{"start":{"line":10,"column":0},"end":{"line":12,"column":1}},"line":10},"1":{"name":"getBalance","decl":{"start":{"line":14,"column":0},"end":{"line":25,"column":1}},"loc":{"start":{"line":14,"column":0},"end":{"line":25,"column":1}},"line":14},"2":{"name":"getAllowance","decl":{"start":{"line":27,"column":0},"end":{"line":38,"column":1}},"loc":{"start":{"line":27,"column":0},"end":{"line":38,"column":1}},"line":27},"3":{"name":"assertSufficientBalance","decl":{"start":{"line":40,"column":0},"end":{"line":48,"column":1}},"loc":{"start":{"line":40,"column":0},"end":{"line":48,"column":1}},"line":40},"4":{"name":"ensureExactApproval","decl":{"start":{"line":54,"column":0},"end":{"line":100,"column":1}},"loc":{"start":{"line":54,"column":0},"end":{"line":100,"column":1}},"line":54},"5":{"name":"submitApproval","decl":{"start":{"line":107,"column":0},"end":{"line":150,"column":1}},"loc":{"start":{"line":107,"column":0},"end":{"line":150,"column":1}},"line":107},"6":{"name":"wait","decl":{"start":{"line":143,"column":10},"end":{"line":148,"column":6}},"loc":{"start":{"line":143,"column":10},"end":{"line":148,"column":6}},"line":143}},"f":{"0":1,"1":4,"2":21,"3":3,"4":6,"5":7,"6":3}}
,"/home/vanio/local/sdk/nodejs/src/utils.ts": {"path":"/home/vanio/local/sdk/nodejs/src/utils.ts","all":false,"statementMap":{"1":{"start":{"line":2,"column":0},"end":{"line":2,"column":72}},"2":{"start":{"line":3,"column":0},"end":{"line":3,"column":41}},"3":{"start":{"line":4,"column":0},"end":{"line":4,"column":32}},"4":{"start":{"line":5,"column":0},"end":{"line":5,"column":31}},"5":{"start":{"line":6,"column":0},"end":{"line":6,"column":42}},"6":{"start":{"line":7,"column":0},"end":{"line":7,"column":76}},"7":{"start":{"line":8,"column":0},"end":{"line":8,"column":30}},"8":{"start":{"line":9,"column":0},"end":{"line":9,"column":1}},"12":{"start":{"line":13,"column":0},"end":{"line":13,"column":71}},"13":{"start":{"line":14,"column":0},"end":{"line":14,"column":39}},"14":{"start":{"line":15,"column":0},"end":{"line":15,"column":1}},"18":{"start":{"line":19,"column":0},"end":{"line":19,"column":70}},"19":{"start":{"line":20,"column":0},"end":{"line":20,"column":46}},"20":{"start":{"line":21,"column":0},"end":{"line":21,"column":66}},"21":{"start":{"line":22,"column":0},"end":{"line":22,"column":76}},"22":{"start":{"line":23,"column":0},"end":{"line":23,"column":1}}},"s":{"1":1,"2":13,"3":13,"4":13,"5":13,"6":7,"7":7,"8":7,"12":1,"13":4,"14":4,"18":1,"19":9,"20":9,"21":9,"22":9},"branchMap":{"0":{"type":"branch","line":2,"loc":{"start":{"line":2,"column":7},"end":{"line":9,"column":1}},"locations":[{"start":{"line":2,"column":7},"end":{"line":9,"column":1}}]},"1":{"type":"branch","line":6,"loc":{"start":{"line":6,"column":19},"end":{"line":6,"column":42}},"locations":[{"start":{"line":6,"column":19},"end":{"line":6,"column":42}}]},"2":{"type":"branch","line":6,"loc":{"start":{"line":6,"column":41},"end":{"line":9,"column":1}},"locations":[{"start":{"line":6,"column":41},"end":{"line":9,"column":1}}]},"3":{"type":"branch","line":13,"loc":{"start":{"line":13,"column":7},"end":{"line":15,"column":1}},"locations":[{"start":{"line":13,"column":7},"end":{"line":15,"column":1}}]},"4":{"type":"branch","line":19,"loc":{"start":{"line":19,"column":7},"end":{"line":23,"column":1}},"locations":[{"start":{"line":19,"column":7},"end":{"line":23,"column":1}}]},"5":{"type":"branch","line":22,"loc":{"start":{"line":22,"column":58},"end":{"line":22,"column":75}},"locations":[{"start":{"line":22,"column":58},"end":{"line":22,"column":75}}]}},"b":{"0":[13],"1":[6],"2":[7],"3":[4],"4":[9],"5":[1]},"fnMap":{"0":{"name":"formatAmount","decl":{"start":{"line":2,"column":7},"end":{"line":9,"column":1}},"loc":{"start":{"line":2,"column":7},"end":{"line":9,"column":1}},"line":2},"1":{"name":"formatUnits","decl":{"start":{"line":13,"column":7},"end":{"line":15,"column":1}},"loc":{"start":{"line":13,"column":7},"end":{"line":15,"column":1}},"line":13},"2":{"name":"parseUnits","decl":{"start":{"line":19,"column":7},"end":{"line":23,"column":1}},"loc":{"start":{"line":19,"column":7},"end":{"line":23,"column":1}},"line":19}},"f":{"0":13,"1":4,"2":9}}
}
